#
# There is insufficient memory for the Java Runtime Environment to continue.
# Native memory allocation (malloc) failed to allocate 196432 bytes for Chunk::new
# Possible reasons:
#   The system is out of physical RAM or swap space
#   The process is running with CompressedOops enabled, and the Java Heap may be blocking the growth of the native heap
# Possible solutions:
#   Reduce memory load on the system
#   Increase physical memory or swap space
#   Check if swap backing store is full
#   Decrease Java heap size (-Xmx/-Xms)
#   Decrease number of Java threads
#   Decrease Java thread stack sizes (-Xss)
#   Set larger code cache with -XX:ReservedCodeCacheSize=
#   JVM is running with Unscaled Compressed Oops mode in which the Java heap is
#     placed in the first 4GB address space. The Java Heap base address is the
#     maximum limit for the native heap growth. Please use -XX:HeapBaseMinAddress
#     to set the Java Heap base and to place the Java Heap above 4GB virtual address.
# This output file may be truncated or incomplete.
#
#  Out of Memory Error (allocation.cpp:389), pid=13712, tid=0x0000000000001140
#
# JRE version: OpenJDK Runtime Environment (8.0_212-b04) (build 1.8.0_212-release-1586-b04)
# Java VM: OpenJDK 64-Bit Server VM (25.212-b04 mixed mode windows-amd64 compressed oops)
# Failed to write core dump. Minidumps are not enabled by default on client versions of Windows
#

---------------  T H R E A D  ---------------

Current thread (0x0000000018dae000):  JavaThread "C2 CompilerThread0" daemon [_thread_in_native, id=4416, stack(0x0000000019680000,0x0000000019780000)]

Stack: [0x0000000019680000,0x0000000019780000]
[error occurred during error reporting (printing stack bounds), id 0xc0000005]

Native frames: (J=compiled Java code, j=interpreted, Vv=VM code, C=native code)


Current CompileTask:
C2:  16407 8246   !   4       java.io.ObjectInputStream::readObject0 (566 bytes)


---------------  P R O C E S S  ---------------

Java Threads: ( => current thread )
  0x000000001a8f2000 JavaThread "stdout" [_thread_in_native, id=21172, stack(0x000000002b250000,0x000000002b350000)]
  0x000000001a8ee000 JavaThread "stderr" [_thread_in_native, id=5060, stack(0x000000002b150000,0x000000002b250000)]
  0x000000001a8ef000 JavaThread "stdout" [_thread_in_native, id=15212, stack(0x000000002b050000,0x000000002b150000)]
  0x000000001a8ef800 JavaThread "stderr" [_thread_in_native, id=8592, stack(0x000000002af50000,0x000000002b050000)]
  0x000000001bd4b000 JavaThread "stdout" [_thread_in_native, id=15464, stack(0x000000002ae50000,0x000000002af50000)]
  0x000000001bd43800 JavaThread "stderr" [_thread_blocked, id=22352, stack(0x000000002ad50000,0x000000002ae50000)]
  0x000000001bd4a000 JavaThread "stdout" [_thread_in_native, id=16304, stack(0x000000002ac50000,0x000000002ad50000)]
  0x000000001bd48800 JavaThread "stderr" [_thread_in_vm, id=21596, stack(0x000000002ab50000,0x000000002ac50000)]
  0x000000001bd49800 JavaThread "stdout" [_thread_in_native, id=15192, stack(0x000000002aa50000,0x000000002ab50000)]
  0x000000001bd48000 JavaThread "stderr" [_thread_in_native, id=20168, stack(0x000000002a950000,0x000000002aa50000)]
  0x000000001bd41000 JavaThread "stdout" [_thread_in_native, id=7188, stack(0x000000002a850000,0x000000002a950000)]
  0x000000001bd45800 JavaThread "stderr" [_thread_in_native, id=18924, stack(0x000000002a750000,0x000000002a850000)]
  0x000000001bd45000 JavaThread "stdout" [_thread_in_native, id=3412, stack(0x000000002a650000,0x000000002a750000)]
  0x000000001bd44000 JavaThread "stderr" [_thread_in_native, id=3380, stack(0x000000002a550000,0x000000002a650000)]
  0x000000001bd46800 JavaThread "stdout" [_thread_in_native, id=18396, stack(0x000000002a450000,0x000000002a550000)]
  0x000000001bd47000 JavaThread "stderr" [_thread_in_Java, id=16668, stack(0x000000002a350000,0x000000002a450000)]
  0x000000001bd3c000 JavaThread "WorkerExecutor Queue Thread 8" [_thread_blocked, id=11688, stack(0x000000002a250000,0x000000002a350000)]
  0x000000001bd40800 JavaThread "pool-3-thread-1" [_thread_blocked, id=3436, stack(0x000000002a150000,0x000000002a250000)]
  0x000000001bd3f800 JavaThread "WorkerExecutor Queue Thread 7" [_thread_blocked, id=8824, stack(0x000000002a050000,0x000000002a150000)]
  0x000000001bd3e000 JavaThread "WorkerExecutor Queue Thread 6" [_thread_blocked, id=8520, stack(0x0000000029f50000,0x000000002a050000)]
  0x000000001bd42800 JavaThread "WorkerExecutor Queue Thread 5" [_thread_blocked, id=21836, stack(0x0000000029e50000,0x0000000029f50000)]
  0x000000001bd3d800 JavaThread "WorkerExecutor Queue Thread 4" [_thread_blocked, id=20400, stack(0x0000000029d50000,0x0000000029e50000)]
  0x000000001bd42000 JavaThread "WorkerExecutor Queue Thread 3" [_thread_blocked, id=664, stack(0x0000000029c50000,0x0000000029d50000)]
  0x000000001bd3c800 JavaThread "WorkerExecutor Queue Thread 2" [_thread_blocked, id=12172, stack(0x0000000029b50000,0x0000000029c50000)]
  0x000000001adea800 JavaThread "WorkerExecutor Queue" [_thread_blocked, id=15180, stack(0x0000000029a50000,0x0000000029b50000)]
  0x000000001fc7a000 JavaThread "Cache worker for execution history cache (D:\work\Acs-upb-mobile\acs-upb-mobile\TravelGuide\.gradle\5.6.4\executionHistory)" [_thread_blocked, id=5468, stack(0x0000000029950000,0x0000000029a50000)]
  0x000000001fc7e800 JavaThread "Execution worker for ':' Thread 7" [_thread_blocked, id=12892, stack(0x0000000029850000,0x0000000029950000)]
  0x000000001fc7b000 JavaThread "Execution worker for ':' Thread 6" [_thread_blocked, id=17020, stack(0x0000000029750000,0x0000000029850000)]
  0x000000001fc78800 JavaThread "Execution worker for ':' Thread 5" [_thread_blocked, id=16404, stack(0x0000000029650000,0x0000000029750000)]
  0x000000001fc7d000 JavaThread "Execution worker for ':' Thread 4" [_thread_blocked, id=10328, stack(0x0000000029550000,0x0000000029650000)]
  0x000000001fc78000 JavaThread "Execution worker for ':' Thread 3" [_thread_blocked, id=8820, stack(0x0000000029450000,0x0000000029550000)]
  0x000000001fc7e000 JavaThread "Execution worker for ':' Thread 2" [_thread_blocked, id=8044, stack(0x0000000029350000,0x0000000029450000)]
  0x000000001fc79800 JavaThread "Execution worker for ':'" [_thread_blocked, id=21196, stack(0x0000000029250000,0x0000000029350000)]
  0x000000001e619000 JavaThread "Cache worker for file content cache (D:\work\Acs-upb-mobile\acs-upb-mobile\TravelGuide\.gradle\5.6.4\fileContent)" [_thread_blocked, id=19536, stack(0x0000000028180000,0x0000000028280000)]
  0x000000001e61c800 JavaThread "Cache worker for file content cache (D:\work\Android\caches\5.6.4\fileContent)" [_thread_blocked, id=18124, stack(0x0000000028080000,0x0000000028180000)]
  0x000000001e617800 JavaThread "Memory manager" [_thread_blocked, id=21564, stack(0x0000000027f80000,0x0000000028080000)]
  0x000000001e61c000 JavaThread "Cache worker for Build Output Cleanup Cache (D:\work\Acs-upb-mobile\acs-upb-mobile\TravelGuide\.gradle\buildOutputCleanup)" [_thread_blocked, id=22484, stack(0x0000000027e80000,0x0000000027f80000)]
  0x000000001e61b000 JavaThread "Build operations Thread 8" [_thread_blocked, id=11928, stack(0x0000000027d80000,0x0000000027e80000)]
  0x000000001e619800 JavaThread "Build operations Thread 7" [_thread_blocked, id=3604, stack(0x0000000027c80000,0x0000000027d80000)]
  0x000000001e616800 JavaThread "Build operations Thread 6" [_thread_blocked, id=21732, stack(0x0000000027b80000,0x0000000027c80000)]
  0x000000001e618000 JavaThread "Build operations Thread 5" [_thread_blocked, id=17552, stack(0x0000000027a80000,0x0000000027b80000)]
  0x000000001e61d800 JavaThread "Build operations Thread 4" [_thread_blocked, id=21148, stack(0x0000000027980000,0x0000000027a80000)]
  0x000000001e61a800 JavaThread "Build operations Thread 3" [_thread_blocked, id=21468, stack(0x0000000027880000,0x0000000027980000)]
  0x000000001e60f000 JavaThread "Build operations Thread 2" [_thread_blocked, id=10704, stack(0x0000000027780000,0x0000000027880000)]
  0x000000001e616000 JavaThread "Build operations" [_thread_blocked, id=20924, stack(0x0000000027680000,0x0000000027780000)]
  0x000000001e610000 JavaThread "Cache worker for cache directory md-rule (D:\work\Android\caches\5.6.4\md-rule)" [_thread_blocked, id=21612, stack(0x0000000027580000,0x0000000027680000)]
  0x000000001e615000 JavaThread "Cache worker for cache directory md-supplier (D:\work\Android\caches\5.6.4\md-supplier)" [_thread_blocked, id=17540, stack(0x0000000027480000,0x0000000027580000)]
  0x000000001e614800 JavaThread "Cache worker for file hash cache (D:\work\Acs-upb-mobile\acs-upb-mobile\TravelGuide\.gradle\5.6.4\fileHashes)" [_thread_blocked, id=11268, stack(0x0000000027380000,0x0000000027480000)]
  0x000000001e613800 JavaThread "Thread-37" [_thread_blocked, id=20576, stack(0x0000000027280000,0x0000000027380000)]
  0x000000001e60e800 JavaThread "Stdin handler" [_thread_blocked, id=14792, stack(0x0000000027180000,0x0000000027280000)]
  0x000000001e612000 JavaThread "Asynchronous log dispatcher for DefaultDaemonConnection: socket connection from /127.0.0.1:59830 to /127.0.0.1:59836" [_thread_blocked, id=12768, stack(0x0000000027080000,0x0000000027180000)]
  0x000000001e613000 JavaThread "Cancel handler" [_thread_blocked, id=13024, stack(0x0000000026f80000,0x0000000027080000)]
  0x000000001e611800 JavaThread "Handler for socket connection from /127.0.0.1:59830 to /127.0.0.1:59836" [_thread_in_native, id=17808, stack(0x0000000026e80000,0x0000000026f80000)]
  0x000000001fc7b800 JavaThread "Cache worker for execution history cache (D:\work\Android\caches\5.6.4\executionHistory)" [_thread_blocked, id=21108, stack(0x0000000022d40000,0x0000000022e40000)]
  0x000000001adea000 JavaThread "Cache worker for journal cache (D:\work\Android\caches\journal-1)" [_thread_blocked, id=15624, stack(0x000000001dba0000,0x000000001dca0000)]
  0x000000001ade7000 JavaThread "File lock request listener" [_thread_in_native, id=21892, stack(0x000000001d8a0000,0x000000001d9a0000)]
  0x000000001ade5800 JavaThread "Cache worker for file hash cache (D:\work\Android\caches\5.6.4\fileHashes)" [_thread_blocked, id=13968, stack(0x000000001d7a0000,0x000000001d8a0000)]
  0x000000001b8fc800 JavaThread "Daemon worker" [_thread_blocked, id=8360, stack(0x000000001d2a0000,0x000000001d3a0000)]
  0x000000001b8ec000 JavaThread "Daemon" [_thread_blocked, id=13412, stack(0x000000001cda0000,0x000000001cea0000)]
  0x0000000018ed6800 JavaThread "Daemon periodic checks" [_thread_blocked, id=11236, stack(0x000000001cca0000,0x000000001cda0000)]
  0x0000000019120000 JavaThread "Incoming local TCP Connector on port 59830" [_thread_in_native, id=1724, stack(0x000000001ca60000,0x000000001cb60000)]
  0x000000001a8e5800 JavaThread "Daemon health stats" [_thread_blocked, id=4304, stack(0x000000001c420000,0x000000001c520000)]
  0x0000000018e3e000 JavaThread "Service Thread" daemon [_thread_blocked, id=19384, stack(0x0000000019a80000,0x0000000019b80000)]
  0x0000000016f9c000 JavaThread "C1 CompilerThread3" daemon [_thread_blocked, id=2776, stack(0x0000000019980000,0x0000000019a80000)]
  0x0000000018db4000 JavaThread "C2 CompilerThread2" daemon [_thread_in_native, id=18884, stack(0x0000000019880000,0x0000000019980000)]
  0x0000000018db1000 JavaThread "C2 CompilerThread1" daemon [_thread_in_native, id=20032, stack(0x0000000019780000,0x0000000019880000)]
=>0x0000000018dae000 JavaThread "C2 CompilerThread0" daemon [_thread_in_native, id=4416, stack(0x0000000019680000,0x0000000019780000)]
  0x0000000018dac000 JavaThread "Attach Listener" daemon [_thread_blocked, id=13772, stack(0x0000000019580000,0x0000000019680000)]
  0x0000000018dab800 JavaThread "Signal Dispatcher" daemon [_thread_blocked, id=21992, stack(0x0000000019480000,0x0000000019580000)]
  0x0000000018da1800 JavaThread "Finalizer" daemon [_thread_blocked, id=4892, stack(0x0000000019280000,0x0000000019380000)]
  0x0000000018da0800 JavaThread "Reference Handler" daemon [_thread_blocked, id=17516, stack(0x0000000019180000,0x0000000019280000)]
  0x00000000016dd800 JavaThread "main" [_thread_blocked, id=12736, stack(0x0000000002fd0000,0x00000000030d0000)]

Other Threads:
  0x0000000016f88800 VMThread [stack: 0x0000000018c80000,0x0000000018d80000] [id=5000]
  0x0000000018e3f800 WatcherThread [stack: 0x0000000019b80000,0x0000000019c80000] [id=19264]

VM state:not at safepoint (normal execution)

VM Mutex/Monitor currently owned by a thread: None

heap address: 0x00000000a0000000, size: 1536 MB, Compressed Oops mode: 32-bit
Narrow klass base: 0x0000000000000000, Narrow klass shift: 3
Compressed class space size: 1073741824 Address: 0x0000000100000000

Heap:
 PSYoungGen      total 207360K, used 75979K [0x00000000e0000000, 0x00000000f0900000, 0x0000000100000000)
  eden space 186368K, 30% used [0x00000000e0000000,0x00000000e36ca900,0x00000000eb600000)
  from space 20992K, 94% used [0x00000000eb600000,0x00000000ec968578,0x00000000eca80000)
  to   space 23552K, 0% used [0x00000000ef200000,0x00000000ef200000,0x00000000f0900000)
 ParOldGen       total 142848K, used 31805K [0x00000000a0000000, 0x00000000a8b80000, 0x00000000e0000000)
  object space 142848K, 22% used [0x00000000a0000000,0x00000000a1f0f7e0,0x00000000a8b80000)
 Metaspace       used 64545K, capacity 67244K, committed 67456K, reserved 1107968K
  class space    used 8658K, capacity 9219K, committed 9344K, reserved 1048576K

Card table byte_map: [0x0000000012590000,0x00000000128a0000] byte_map_base: 0x0000000012090000

Marking Bits: (ParMarkBitMap*) 0x0000000051f09f30
 Begin Bits: [0x00000000132a0000, 0x0000000014aa0000)
 End Bits:   [0x0000000014aa0000, 0x00000000162a0000)

Polling page: 0x00000000016a0000

CodeCache: size=245760Kb used=23880Kb max_used=23880Kb free=221879Kb
 bounds [0x00000000031d0000, 0x0000000004940000, 0x00000000121d0000]
 total_blobs=8264 nmethods=7468 adapters=709
 compilation: enabled

Compilation events (10 events):
Event: 16.303 Thread 0x0000000018dae000 nmethod 8213 0x0000000004931710 code [0x0000000004931860, 0x0000000004931918]
Event: 16.303 Thread 0x0000000018dae000 8235  s    4       java.io.ByteArrayInputStream::read (101 bytes)
Event: 16.307 Thread 0x0000000018dae000 nmethod 8235 0x0000000004930790 code [0x00000000049308e0, 0x0000000004930df8]
Event: 16.307 Thread 0x0000000018dae000 8227       4       java.io.ObjectInputStream$BlockDataInputStream::readByte (20 bytes)
Event: 16.307 Thread 0x0000000018dae000 nmethod 8227 0x00000000049304d0 code [0x0000000004930620, 0x00000000049306c8]
Event: 16.307 Thread 0x0000000018dae000 8230       4       java.io.ObjectInputStream$HandleTable::lookupException (29 bytes)
Event: 16.308 Thread 0x0000000018dae000 nmethod 8230 0x0000000004936c90 code [0x0000000004936dc0, 0x0000000004936e78]
Event: 16.308 Thread 0x0000000018dae000 8246   !   4       java.io.ObjectInputStream::readObject0 (566 bytes)
Event: 16.363 Thread 0x0000000016f9c000 8345 %     3       sun.nio.cs.SingleByte$Decoder::decodeArrayLoop @ 88 (154 bytes)
Event: 16.365 Thread 0x0000000016f9c000 nmethod 8345% 0x0000000004938710 code [0x0000000004938ac0, 0x000000000493ab48]

GC Heap History (10 events):
Event: 3.143 GC heap before
{Heap before GC invocations=10 (full 2):
 PSYoungGen      total 168960K, used 9029K [0x00000000e0000000, 0x00000000ee880000, 0x0000000100000000)
  eden space 155136K, 0% used [0x00000000e0000000,0x00000000e0000000,0x00000000e9780000)
  from space 13824K, 65% used [0x00000000ea500000,0x00000000eadd14c8,0x00000000eb280000)
  to   space 13824K, 0% used [0x00000000e9780000,0x00000000e9780000,0x00000000ea500000)
 ParOldGen       total 66048K, used 11764K [0x00000000a0000000, 0x00000000a4080000, 0x00000000e0000000)
  object space 66048K, 17% used [0x00000000a0000000,0x00000000a0b7d270,0x00000000a4080000)
 Metaspace       used 34630K, capacity 35360K, committed 35456K, reserved 1079296K
  class space    used 4778K, capacity 4957K, committed 4992K, reserved 1048576K
Event: 3.206 GC heap after
Heap after GC invocations=10 (full 2):
 PSYoungGen      total 168960K, used 0K [0x00000000e0000000, 0x00000000ee880000, 0x0000000100000000)
  eden space 155136K, 0% used [0x00000000e0000000,0x00000000e0000000,0x00000000e9780000)
  from space 13824K, 0% used [0x00000000ea500000,0x00000000ea500000,0x00000000eb280000)
  to   space 13824K, 0% used [0x00000000e9780000,0x00000000e9780000,0x00000000ea500000)
 ParOldGen       total 97280K, used 15809K [0x00000000a0000000, 0x00000000a5f00000, 0x00000000e0000000)
  object space 97280K, 16% used [0x00000000a0000000,0x00000000a0f704c0,0x00000000a5f00000)
 Metaspace       used 34608K, capacity 35288K, committed 35456K, reserved 1079296K
  class space    used 4772K, capacity 4945K, committed 4992K, reserved 1048576K
}
Event: 4.423 GC heap before
{Heap before GC invocations=11 (full 2):
 PSYoungGen      total 168960K, used 155136K [0x00000000e0000000, 0x00000000ee880000, 0x0000000100000000)
  eden space 155136K, 100% used [0x00000000e0000000,0x00000000e9780000,0x00000000e9780000)
  from space 13824K, 0% used [0x00000000ea500000,0x00000000ea500000,0x00000000eb280000)
  to   space 13824K, 0% used [0x00000000e9780000,0x00000000e9780000,0x00000000ea500000)
 ParOldGen       total 97280K, used 15809K [0x00000000a0000000, 0x00000000a5f00000, 0x00000000e0000000)
  object space 97280K, 16% used [0x00000000a0000000,0x00000000a0f704c0,0x00000000a5f00000)
 Metaspace       used 50262K, capacity 51664K, committed 51840K, reserved 1093632K
  class space    used 6843K, capacity 7197K, committed 7296K, reserved 1048576K
Event: 4.440 GC heap after
Heap after GC invocations=11 (full 2):
 PSYoungGen      total 168960K, used 13810K [0x00000000e0000000, 0x00000000ede80000, 0x0000000100000000)
  eden space 155136K, 0% used [0x00000000e0000000,0x00000000e0000000,0x00000000e9780000)
  from space 13824K, 99% used [0x00000000e9780000,0x00000000ea4fca28,0x00000000ea500000)
  to   space 17920K, 0% used [0x00000000ecd00000,0x00000000ecd00000,0x00000000ede80000)
 ParOldGen       total 97280K, used 22053K [0x00000000a0000000, 0x00000000a5f00000, 0x00000000e0000000)
  object space 97280K, 22% used [0x00000000a0000000,0x00000000a1589558,0x00000000a5f00000)
 Metaspace       used 50262K, capacity 51664K, committed 51840K, reserved 1093632K
  class space    used 6843K, capacity 7197K, committed 7296K, reserved 1048576K
}
Event: 12.681 GC heap before
{Heap before GC invocations=12 (full 2):
 PSYoungGen      total 168960K, used 113579K [0x00000000e0000000, 0x00000000ede80000, 0x0000000100000000)
  eden space 155136K, 64% used [0x00000000e0000000,0x00000000e616e208,0x00000000e9780000)
  from space 13824K, 99% used [0x00000000e9780000,0x00000000ea4fca28,0x00000000ea500000)
  to   space 17920K, 0% used [0x00000000ecd00000,0x00000000ecd00000,0x00000000ede80000)
 ParOldGen       total 97280K, used 22053K [0x00000000a0000000, 0x00000000a5f00000, 0x00000000e0000000)
  object space 97280K, 22% used [0x00000000a0000000,0x00000000a1589558,0x00000000a5f00000)
 Metaspace       used 57337K, capacity 59022K, committed 59096K, reserved 1099776K
  class space    used 7664K, capacity 8056K, committed 8064K, reserved 1048576K
Event: 12.693 GC heap after
Heap after GC invocations=12 (full 2):
 PSYoungGen      total 204288K, used 17902K [0x00000000e0000000, 0x00000000edf00000, 0x0000000100000000)
  eden space 186368K, 0% used [0x00000000e0000000,0x00000000e0000000,0x00000000eb600000)
  from space 17920K, 99% used [0x00000000ecd00000,0x00000000ede7bb38,0x00000000ede80000)
  to   space 20992K, 0% used [0x00000000eb600000,0x00000000eb600000,0x00000000eca80000)
 ParOldGen       total 97280K, used 23504K [0x00000000a0000000, 0x00000000a5f00000, 0x00000000e0000000)
  object space 97280K, 24% used [0x00000000a0000000,0x00000000a16f4340,0x00000000a5f00000)
 Metaspace       used 57337K, capacity 59022K, committed 59096K, reserved 1099776K
  class space    used 7664K, capacity 8056K, committed 8064K, reserved 1048576K
}
Event: 12.693 GC heap before
{Heap before GC invocations=13 (full 3):
 PSYoungGen      total 204288K, used 17902K [0x00000000e0000000, 0x00000000edf00000, 0x0000000100000000)
  eden space 186368K, 0% used [0x00000000e0000000,0x00000000e0000000,0x00000000eb600000)
  from space 17920K, 99% used [0x00000000ecd00000,0x00000000ede7bb38,0x00000000ede80000)
  to   space 20992K, 0% used [0x00000000eb600000,0x00000000eb600000,0x00000000eca80000)
 ParOldGen       total 97280K, used 23504K [0x00000000a0000000, 0x00000000a5f00000, 0x00000000e0000000)
  object space 97280K, 24% used [0x00000000a0000000,0x00000000a16f4340,0x00000000a5f00000)
 Metaspace       used 57337K, capacity 59022K, committed 59096K, reserved 1099776K
  class space    used 7664K, capacity 8056K, committed 8064K, reserved 1048576K
Event: 12.833 GC heap after
Heap after GC invocations=13 (full 3):
 PSYoungGen      total 204288K, used 0K [0x00000000e0000000, 0x00000000edf00000, 0x0000000100000000)
  eden space 186368K, 0% used [0x00000000e0000000,0x00000000e0000000,0x00000000eb600000)
  from space 17920K, 0% used [0x00000000ecd00000,0x00000000ecd00000,0x00000000ede80000)
  to   space 20992K, 0% used [0x00000000eb600000,0x00000000eb600000,0x00000000eca80000)
 ParOldGen       total 142848K, used 31797K [0x00000000a0000000, 0x00000000a8b80000, 0x00000000e0000000)
  object space 142848K, 22% used [0x00000000a0000000,0x00000000a1f0d7e0,0x00000000a8b80000)
 Metaspace       used 57337K, capacity 59022K, committed 59096K, reserved 1099776K
  class space    used 7664K, capacity 8056K, committed 8064K, reserved 1048576K
}
Event: 15.315 GC heap before
{Heap before GC invocations=14 (full 3):
 PSYoungGen      total 204288K, used 186368K [0x00000000e0000000, 0x00000000edf00000, 0x0000000100000000)
  eden space 186368K, 100% used [0x00000000e0000000,0x00000000eb600000,0x00000000eb600000)
  from space 17920K, 0% used [0x00000000ecd00000,0x00000000ecd00000,0x00000000ede80000)
  to   space 20992K, 0% used [0x00000000eb600000,0x00000000eb600000,0x00000000eca80000)
 ParOldGen       total 142848K, used 31797K [0x00000000a0000000, 0x00000000a8b80000, 0x00000000e0000000)
  object space 142848K, 22% used [0x00000000a0000000,0x00000000a1f0d7e0,0x00000000a8b80000)
 Metaspace       used 63721K, capacity 66402K, committed 66560K, reserved 1105920K
  class space    used 8584K, capacity 9132K, committed 9216K, reserved 1048576K
Event: 15.328 GC heap after
Heap after GC invocations=14 (full 3):
 PSYoungGen      total 207360K, used 19873K [0x00000000e0000000, 0x00000000f0900000, 0x0000000100000000)
  eden space 186368K, 0% used [0x00000000e0000000,0x00000000e0000000,0x00000000eb600000)
  from space 20992K, 94% used [0x00000000eb600000,0x00000000ec968578,0x00000000eca80000)
  to   space 23552K, 0% used [0x00000000ef200000,0x00000000ef200000,0x00000000f0900000)
 ParOldGen       total 142848K, used 31805K [0x00000000a0000000, 0x00000000a8b80000, 0x00000000e0000000)
  object space 142848K, 22% used [0x00000000a0000000,0x00000000a1f0f7e0,0x00000000a8b80000)
 Metaspace       used 63721K, capacity 66402K, committed 66560K, reserved 1105920K
  class space    used 8584K, capacity 9132K, committed 9216K, reserved 1048576K
}

Deoptimization events (10 events):
Event: 16.159 Thread 0x000000001fc78000 Uncommon trap: reason=unstable_if action=reinterpret pc=0x000000000481d2dc method=com.google.common.collect.AbstractMapBasedMultimap$WrappedCollection.refreshIfEmpty()V @ 45
Event: 16.161 Thread 0x000000001fc78000 Uncommon trap: reason=class_check action=maybe_recompile pc=0x00000000047a906c method=com.sun.org.apache.xerces.internal.dom.ElementImpl.getAttributes()Lorg/w3c/dom/NamedNodeMap; @ 8
Event: 16.166 Thread 0x000000001fc78000 Uncommon trap: reason=class_check action=maybe_recompile pc=0x00000000047a906c method=com.sun.org.apache.xerces.internal.dom.ElementImpl.getAttributes()Lorg/w3c/dom/NamedNodeMap; @ 8
Event: 16.166 Thread 0x000000001fc78000 Uncommon trap: reason=class_check action=maybe_recompile pc=0x00000000047a906c method=com.sun.org.apache.xerces.internal.dom.ElementImpl.getAttributes()Lorg/w3c/dom/NamedNodeMap; @ 8
Event: 16.166 Thread 0x000000001fc78000 Uncommon trap: reason=class_check action=maybe_recompile pc=0x00000000047a906c method=com.sun.org.apache.xerces.internal.dom.ElementImpl.getAttributes()Lorg/w3c/dom/NamedNodeMap; @ 8
Event: 16.175 Thread 0x000000001fc78000 Uncommon trap: reason=unstable_if action=reinterpret pc=0x000000000483d234 method=com.android.utils.XmlUtils.toXmlAttributeValue(Ljava/lang/String;)Ljava/lang/String; @ 33
Event: 16.175 Thread 0x000000001fc78000 Uncommon trap: reason=unstable_if action=reinterpret pc=0x00000000047cdb38 method=com.android.utils.XmlUtils.toXmlAttributeValue(Ljava/lang/String;)Ljava/lang/String; @ 33
Event: 16.183 Thread 0x000000001fc78000 Uncommon trap: reason=unstable_if action=reinterpret pc=0x0000000004837f28 method=com.android.utils.XmlUtils.append(Lcom/android/utils/XmlUtils$PositionAwareStringBuilder;Lorg/w3c/dom/Node;Ljava/util/Map;Ljava/util/Set;)V @ 540
Event: 16.185 Thread 0x000000001fc78000 Uncommon trap: reason=unstable_if action=reinterpret pc=0x0000000004861068 method=sun.nio.cs.UTF_8$Encoder.encodeArrayLoop(Ljava/nio/CharBuffer;Ljava/nio/ByteBuffer;)Ljava/nio/charset/CoderResult; @ 175
Event: 16.185 Thread 0x000000001fc78000 Uncommon trap: reason=unstable_if action=reinterpret pc=0x00000000048061ec method=sun.nio.cs.UTF_8$Encoder.encodeArrayLoop(Ljava/nio/CharBuffer;Ljava/nio/ByteBuffer;)Ljava/nio/charset/CoderResult; @ 400

Classes redefined (0 events):
No events

Internal exceptions (10 events):
Event: 13.672 Thread 0x000000001fc7e800 Exception <a 'java/lang/NoSuchMethodError': <clinit>> (0x00000000e6d62050) thrown at [D:\src\AOSP-openjdk-cygwin\jdk8u\hotspot\src\share\vm\prims\jni.cpp, line 1614]
Event: 13.682 Thread 0x000000001e613800 Exception <a 'java/lang/NoSuchMethodError': <clinit>> (0x00000000e02d8df0) thrown at [D:\src\AOSP-openjdk-cygwin\jdk8u\hotspot\src\share\vm\prims\jni.cpp, line 1614]
Event: 13.757 Thread 0x000000001fc7e000 Exception <a 'sun/nio/fs/WindowsException'> (0x00000000e75194c8) thrown at [D:\src\AOSP-openjdk-cygwin\jdk8u\hotspot\src\share\vm\prims\jni.cpp, line 710]
Event: 15.311 Thread 0x000000001adea800 Exception <a 'sun/nio/fs/WindowsException'> (0x00000000e6f62e20) thrown at [D:\src\AOSP-openjdk-cygwin\jdk8u\hotspot\src\share\vm\prims\jni.cpp, line 710]
Event: 15.668 Thread 0x000000001fc78000 Implicit null exception at 0x00000000047a83d7 to 0x00000000047a871d
Event: 16.183 Thread 0x000000001fc78000 Implicit null exception at 0x000000000483a4c9 to 0x0000000004837ef5
Event: 16.206 Thread 0x000000001fc78000 Exception <a 'java/lang/NoSuchMethodError': <clinit>> (0x00000000e21b19d8) thrown at [D:\src\AOSP-openjdk-cygwin\jdk8u\hotspot\src\share\vm\prims\jni.cpp, line 1614]
Event: 16.206 Thread 0x000000001fc78000 Exception <a 'java/lang/NoSuchMethodError': <clinit>> (0x00000000e21cce88) thrown at [D:\src\AOSP-openjdk-cygwin\jdk8u\hotspot\src\share\vm\prims\jni.cpp, line 1614]
Event: 16.206 Thread 0x000000001fc78000 Exception <a 'java/lang/NoSuchMethodError': <clinit>> (0x00000000e21d1d70) thrown at [D:\src\AOSP-openjdk-cygwin\jdk8u\hotspot\src\share\vm\prims\jni.cpp, line 1614]
Event: 16.207 Thread 0x000000001fc78000 Exception <a 'java/lang/NoSuchMethodError': <clinit>> (0x00000000e21e2cd8) thrown at [D:\src\AOSP-openjdk-cygwin\jdk8u\hotspot\src\share\vm\prims\jni.cpp, line 1614]

Events (10 events):
Event: 16.353 loading class com/android/builder/internal/aapt/v2/Aapt2DaemonImpl$WaitForTaskCompletion
Event: 16.353 loading class com/android/builder/internal/aapt/v2/Aapt2DaemonImpl$WaitForTaskCompletion done
Event: 16.354 loading class com/android/builder/internal/aapt/v2/Aapt2DaemonUtil
Event: 16.354 loading class com/android/builder/internal/aapt/v2/Aapt2DaemonUtil done
Event: 16.354 loading class com/android/builder/internal/aapt/AaptException
Event: 16.354 loading class com/android/builder/internal/aapt/AaptException done
Event: 16.355 loading class com/android/builder/internal/aapt/v2/AaptV2CommandBuilder
Event: 16.355 loading class com/android/builder/internal/aapt/v2/AaptV2CommandBuilder done
Event: 16.378 Thread 0x000000001bd3f800 DEOPT PACKING pc=0x00000000048a83b3 sp=0x000000002a14d890
Event: 16.378 Thread 0x000000001bd3f800 DEOPT UNPACKING pc=0x00000000032175d0 sp=0x000000002a14d680 mode 0


Dynamic libraries:
0x00007ff744610000 - 0x00007ff744641000 	D:\Android Studi\jre\bin\java.exe
0x00007fffb5960000 - 0x00007fffb5b4d000 	C:\Windows\SYSTEM32\ntdll.dll
0x00007fffb3180000 - 0x00007fffb3233000 	C:\Windows\System32\KERNEL32.DLL
0x00007fffb2730000 - 0x00007fffb29c5000 	C:\Windows\System32\KERNELBASE.dll
0x00007fffb30d0000 - 0x00007fffb3173000 	C:\Windows\System32\ADVAPI32.dll
0x00007fffb37f0000 - 0x00007fffb388e000 	C:\Windows\System32\msvcrt.dll
0x00007fffb2d10000 - 0x00007fffb2dae000 	C:\Windows\System32\sechost.dll
0x00007fffb5220000 - 0x00007fffb5342000 	C:\Windows\System32\RPCRT4.dll
0x00007fffb5080000 - 0x00007fffb5217000 	C:\Windows\System32\USER32.dll
0x00007fffb1a20000 - 0x00007fffb1a40000 	C:\Windows\System32\win32u.dll
0x00007fffb3890000 - 0x00007fffb38b9000 	C:\Windows\System32\GDI32.dll
0x00007fffb1b90000 - 0x00007fffb1d2a000 	C:\Windows\System32\gdi32full.dll
0x00007fffb29d0000 - 0x00007fffb2a70000 	C:\Windows\System32\msvcp_win.dll
0x00007fffb1a90000 - 0x00007fffb1b8a000 	C:\Windows\System32\ucrtbase.dll
0x00007fffa2bc0000 - 0x00007fffa2e39000 	C:\Windows\WinSxS\amd64_microsoft.windows.common-controls_6595b64144ccf1df_6.0.17763.1282_none_de75b6f253473c0f\COMCTL32.dll
0x00007fffb5580000 - 0x00007fffb58ac000 	C:\Windows\System32\combase.dll
0x00007fffb2680000 - 0x00007fffb26fe000 	C:\Windows\System32\bcryptPrimitives.dll
0x00007fffb3a80000 - 0x00007fffb3aae000 	C:\Windows\System32\IMM32.DLL
0x0000000051580000 - 0x0000000051652000 	D:\Android Studi\jre\jre\bin\msvcr100.dll
0x0000000051740000 - 0x0000000051f86000 	D:\Android Studi\jre\jre\bin\server\jvm.dll
0x00007fffb2d00000 - 0x00007fffb2d08000 	C:\Windows\System32\PSAPI.DLL
0x00007fff773a0000 - 0x00007fff773a9000 	C:\Windows\SYSTEM32\WSOCK32.dll
0x00007fffaa550000 - 0x00007fffaa55a000 	C:\Windows\SYSTEM32\VERSION.dll
0x00007fffad8b0000 - 0x00007fffad8d4000 	C:\Windows\SYSTEM32\WINMM.dll
0x00007fffb3780000 - 0x00007fffb37ed000 	C:\Windows\System32\WS2_32.dll
0x00007fffad870000 - 0x00007fffad89d000 	C:\Windows\SYSTEM32\WINMMBASE.dll
0x00007fffb1a40000 - 0x00007fffb1a8a000 	C:\Windows\System32\cfgmgr32.dll
0x00007fffaa140000 - 0x00007fffaa14f000 	D:\Android Studi\jre\jre\bin\verify.dll
0x00007fff8a3b0000 - 0x00007fff8a3d9000 	D:\Android Studi\jre\jre\bin\java.dll
0x00007fff9fe00000 - 0x00007fff9fe16000 	D:\Android Studi\jre\jre\bin\zip.dll
0x00007fffb3b80000 - 0x00007fffb5078000 	C:\Windows\System32\SHELL32.dll
0x00007fffb2db0000 - 0x00007fffb2e58000 	C:\Windows\System32\shcore.dll
0x00007fffb1f30000 - 0x00007fffb267f000 	C:\Windows\System32\windows.storage.dll
0x00007fffb1990000 - 0x00007fffb19b4000 	C:\Windows\System32\profapi.dll
0x00007fffb19c0000 - 0x00007fffb1a1d000 	C:\Windows\System32\powrprof.dll
0x00007fffb3720000 - 0x00007fffb3772000 	C:\Windows\System32\shlwapi.dll
0x00007fffb1950000 - 0x00007fffb1961000 	C:\Windows\System32\kernel.appcore.dll
0x00007fffb1d30000 - 0x00007fffb1d47000 	C:\Windows\System32\cryptsp.dll
0x00007fff931f0000 - 0x00007fff9320a000 	D:\Android Studi\jre\jre\bin\net.dll
0x00007fffa32f0000 - 0x00007fffa34c7000 	C:\Windows\SYSTEM32\urlmon.dll
0x00007fffa1940000 - 0x00007fffa1be8000 	C:\Windows\SYSTEM32\iertutil.dll
0x00007fffb1380000 - 0x00007fffb138c000 	C:\Windows\SYSTEM32\CRYPTBASE.DLL
0x00007fffb11b0000 - 0x00007fffb1217000 	C:\Windows\system32\mswsock.dll
0x00007fff92d90000 - 0x00007fff92da3000 	D:\Android Studi\jre\jre\bin\nio.dll
0x00007fff92e00000 - 0x00007fff92e26000 	D:\work\Android\native\30\windows-amd64\native-platform.dll
0x00007fffa9f20000 - 0x00007fffa9f2d000 	D:\Android Studi\jre\jre\bin\management.dll
0x00007fffb0d30000 - 0x00007fffb0d63000 	C:\Windows\system32\rsaenh.dll
0x00007fffb2700000 - 0x00007fffb2726000 	C:\Windows\System32\bcrypt.dll
0x00007fffb1880000 - 0x00007fffb18a8000 	C:\Windows\SYSTEM32\USERENV.dll
0x00007fffb0ed0000 - 0x00007fffb0f0d000 	C:\Windows\SYSTEM32\IPHLPAPI.DLL
0x00007fffb2cf0000 - 0x00007fffb2cf8000 	C:\Windows\System32\NSI.dll
0x00007fffa7af0000 - 0x00007fffa7b06000 	C:\Windows\SYSTEM32\dhcpcsvc6.DLL
0x00007fffa6fa0000 - 0x00007fffa6fbc000 	C:\Windows\SYSTEM32\dhcpcsvc.DLL
0x00007fffb0f10000 - 0x00007fffb0fd7000 	C:\Windows\SYSTEM32\DNSAPI.dll

VM Arguments:
jvm_args: -Xmx1536m -Dfile.encoding=windows-1252 -Duser.country=US -Duser.language=en -Duser.variant 
java_command: org.gradle.launcher.daemon.bootstrap.GradleDaemon 5.6.4
java_class_path (initial): D:\work\Android\wrapper\dists\gradle-5.6.4-all\ankdp27end7byghfw1q2sw75f\gradle-5.6.4\lib\gradle-launcher-5.6.4.jar
Launcher Type: SUN_STANDARD

Environment Variables:
PATH=C:\Program Files (x86)\Common Files\Oracle\Java\javapath;C:\Program Files (x86)\Common Files\Intel\Shared Libraries\redist\intel64_win\compiler;C:\Program Files (x86)\Common Files\Intel\Shared Libraries\redist\intel64\compiler;C:\Windows\system32;C:\Windows;C:\Windows\System32\Wbem;C:\Windows\System32\WindowsPowerShell\v1.0\;C:\Windows\System32\OpenSSH\;C:\Program Files (x86)\NVIDIA Corporation\PhysX\Common;C:\Program Files\NVIDIA Corporation\NVIDIA NvDLISR;C:\Program Files\dotnet\;C:\Program Files\Microsoft SQL Server\Client SDK\ODBC\170\Tools\Binn\;C:\Program Files\Java\jdk1.8.0_231\bin\;C:\Program Files\Git\cmd;C:\Program Files (x86)\IVI Foundation\VISA\WinNT\Bin\;C:\Program Files\IVI Foundation\VISA\Win64\Bin\;C:\Program Files (x86)\IVI Foundation\VISA\WinNT\Bin;C:\Program Files\Microsoft SQL Server\130\Tools\Binn\;C:\Users\Adrian\AppData\Local\Microsoft\WindowsApps;C:\Users\Adrian\AppData\Local\Programs\Microsoft VS Code\bin;C:\Users\Adrian\.dotnet\tools;C:\Users\Adrian\AppData\Local\GitHubDesktop\bin;C:\src\flutter\bin;
USERNAME=Adrian
OS=Windows_NT
PROCESSOR_IDENTIFIER=Intel64 Family 6 Model 158 Stepping 10, GenuineIntel



---------------  S Y S T E M  ---------------

OS: Windows 10.0 , 64 bit Build 17763 (10.0.17763.1158)

CPU:total 8 (initial active 8) (4 cores per cpu, 2 threads per core) family 6 model 158 stepping 10, cmov, cx8, fxsr, mmx, sse, sse2, sse3, ssse3, sse4.1, sse4.2, popcnt, avx, avx2, aes, clmul, erms, 3dnowpref, lzcnt, ht, tsc, tscinvbit, bmi1, bmi2, adx

Memory: 4k page, physical 8240576k(645484k free), swap 14009136k(4212k free)

vm_info: OpenJDK 64-Bit Server VM (25.212-b04) for windows-amd64 JRE (1.8.0_212-release-1586-b04), built by "builder" with MS VC++ 10.0 (VS2010)

time: Thu Jul 16 12:21:48 2020
timezone: GTB Daylight Time
elapsed time: 16 seconds (0d 0h 0m 16s)

