#
# There is insufficient memory for the Java Runtime Environment to continue.
# Native memory allocation (malloc) failed to allocate 1053136 bytes for Chunk::new
# Possible reasons:
#   The system is out of physical RAM or swap space
#   The process is running with CompressedOops enabled, and the Java Heap may be blocking the growth of the native heap
# Possible solutions:
#   Reduce memory load on the system
#   Increase physical memory or swap space
#   Check if swap backing store is full
#   Decrease Java heap size (-Xmx/-Xms)
#   Decrease number of Java threads
#   Decrease Java thread stack sizes (-Xss)
#   Set larger code cache with -XX:ReservedCodeCacheSize=
#   JVM is running with Unscaled Compressed Oops mode in which the Java heap is
#     placed in the first 4GB address space. The Java Heap base address is the
#     maximum limit for the native heap growth. Please use -XX:HeapBaseMinAddress
#     to set the Java Heap base and to place the Java Heap above 4GB virtual address.
# This output file may be truncated or incomplete.
#
#  Out of Memory Error (allocation.cpp:389), pid=12504, tid=0x000000000000266c
#
# JRE version: OpenJDK Runtime Environment (8.0_212-b04) (build 1.8.0_212-release-1586-b04)
# Java VM: OpenJDK 64-Bit Server VM (25.212-b04 mixed mode windows-amd64 compressed oops)
# Failed to write core dump. Minidumps are not enabled by default on client versions of Windows
#

---------------  T H R E A D  ---------------

Current thread (0x0000000018abe000):  JavaThread "C2 CompilerThread0" daemon [_thread_in_native, id=9836, stack(0x0000000019390000,0x0000000019490000)]

Stack: [0x0000000019390000,0x0000000019490000]
[error occurred during error reporting (printing stack bounds), id 0xc0000005]

Native frames: (J=compiled Java code, j=interpreted, Vv=VM code, C=native code)


Current CompileTask:
C2:  14909 3709   !   4       java.util.jar.Attributes::read (380 bytes)


---------------  P R O C E S S  ---------------

Java Threads: ( => current thread )
  0x000000001dd3e800 JavaThread "Cache worker for Build Output Cleanup Cache (D:\work\Acs-upb-mobile\acs-upb-mobile\TravelGuide\.gradle\buildOutputCleanup)" [_thread_blocked, id=18424, stack(0x0000000023e90000,0x0000000023f90000)]
  0x000000001dd40000 JavaThread "Build operations Thread 8" [_thread_blocked, id=3596, stack(0x0000000023b90000,0x0000000023c90000)]
  0x000000001dd43800 JavaThread "Build operations Thread 7" [_thread_blocked, id=20848, stack(0x0000000023a90000,0x0000000023b90000)]
  0x000000001dd42000 JavaThread "Build operations Thread 6" [_thread_blocked, id=13720, stack(0x0000000023990000,0x0000000023a90000)]
  0x000000001dd41800 JavaThread "Build operations Thread 5" [_thread_blocked, id=12876, stack(0x0000000023890000,0x0000000023990000)]
  0x000000001dd3c000 JavaThread "Build operations Thread 4" [_thread_blocked, id=14240, stack(0x0000000023790000,0x0000000023890000)]
  0x000000001dd43000 JavaThread "Build operations Thread 3" [_thread_blocked, id=15580, stack(0x0000000023690000,0x0000000023790000)]
  0x000000001dd3f000 JavaThread "Build operations Thread 2" [_thread_blocked, id=13448, stack(0x0000000023590000,0x0000000023690000)]
  0x000000001dd3d800 JavaThread "Build operations" [_thread_blocked, id=14300, stack(0x0000000022410000,0x0000000022510000)]
  0x000000001dd3a800 JavaThread "Cache worker for execution history cache (D:\work\Android\caches\5.6.4\executionHistory)" [_thread_blocked, id=19036, stack(0x0000000022310000,0x0000000022410000)]
  0x000000001dd3d000 JavaThread "Cache worker for cache directory md-rule (D:\work\Android\caches\5.6.4\md-rule)" [_thread_blocked, id=14808, stack(0x0000000022210000,0x0000000022310000)]
  0x000000001dd3b800 JavaThread "Cache worker for cache directory md-supplier (D:\work\Android\caches\5.6.4\md-supplier)" [_thread_blocked, id=1584, stack(0x000000001fd10000,0x000000001fe10000)]
  0x000000001a250000 JavaThread "Cache worker for file hash cache (D:\work\Acs-upb-mobile\acs-upb-mobile\TravelGuide\.gradle\5.6.4\fileHashes)" [_thread_blocked, id=18688, stack(0x000000001ec00000,0x000000001ed00000)]
  0x000000001a256000 JavaThread "Cache worker for journal cache (D:\work\Android\caches\journal-1)" [_thread_blocked, id=16988, stack(0x000000001d8b0000,0x000000001d9b0000)]
  0x000000001a251800 JavaThread "File lock request listener" [_thread_in_native, id=15288, stack(0x000000001d7b0000,0x000000001d8b0000)]
  0x000000001a254800 JavaThread "Cache worker for file hash cache (D:\work\Android\caches\5.6.4\fileHashes)" [_thread_blocked, id=19192, stack(0x000000001d6b0000,0x000000001d7b0000)]
  0x000000001b55f000 JavaThread "Thread-9" [_thread_blocked, id=16352, stack(0x000000001d3b0000,0x000000001d4b0000)]
  0x000000001b54f800 JavaThread "Stdin handler" [_thread_blocked, id=16208, stack(0x000000001d2b0000,0x000000001d3b0000)]
  0x000000001b55c000 JavaThread "Asynchronous log dispatcher for DefaultDaemonConnection: socket connection from /127.0.0.1:59808 to /127.0.0.1:59809" [_thread_blocked, id=8124, stack(0x000000001d0b0000,0x000000001d1b0000)]
  0x000000001b577800 JavaThread "Daemon worker" [_thread_in_native, id=3708, stack(0x000000001cfb0000,0x000000001d0b0000)]
  0x000000001b576800 JavaThread "Cancel handler" [_thread_blocked, id=19996, stack(0x000000001ceb0000,0x000000001cfb0000)]
  0x000000001b5a2800 JavaThread "Handler for socket connection from /127.0.0.1:59808 to /127.0.0.1:59809" [_thread_in_native, id=9128, stack(0x000000001cbb0000,0x000000001ccb0000)]
  0x000000001b5a0000 JavaThread "Daemon" [_thread_blocked, id=18408, stack(0x000000001cab0000,0x000000001cbb0000)]
  0x000000001b5ea000 JavaThread "Daemon periodic checks" [_thread_blocked, id=19148, stack(0x000000001c9b0000,0x000000001cab0000)]
  0x0000000019ce3000 JavaThread "Incoming local TCP Connector on port 59808" [_thread_in_native, id=2520, stack(0x000000001c770000,0x000000001c870000)]
  0x0000000018be7000 JavaThread "Daemon health stats" [_thread_blocked, id=15024, stack(0x000000001c130000,0x000000001c230000)]
  0x0000000018b4e800 JavaThread "Service Thread" daemon [_thread_blocked, id=13888, stack(0x0000000019790000,0x0000000019890000)]
  0x0000000018ac8000 JavaThread "C1 CompilerThread3" daemon [_thread_blocked, id=18048, stack(0x0000000019690000,0x0000000019790000)]
  0x0000000018ac4000 JavaThread "C2 CompilerThread2" daemon [_thread_blocked, id=21324, stack(0x0000000019590000,0x0000000019690000)]
  0x0000000018ac1000 JavaThread "C2 CompilerThread1" daemon [_thread_blocked, id=20716, stack(0x0000000019490000,0x0000000019590000)]
=>0x0000000018abe000 JavaThread "C2 CompilerThread0" daemon [_thread_in_native, id=9836, stack(0x0000000019390000,0x0000000019490000)]
  0x0000000018abc000 JavaThread "Attach Listener" daemon [_thread_blocked, id=4784, stack(0x0000000019290000,0x0000000019390000)]
  0x0000000018abb800 JavaThread "Signal Dispatcher" daemon [_thread_blocked, id=20172, stack(0x0000000019190000,0x0000000019290000)]
  0x0000000018ab1800 JavaThread "Finalizer" daemon [_thread_blocked, id=10600, stack(0x0000000018f90000,0x0000000019090000)]
  0x0000000018ab0800 JavaThread "Reference Handler" daemon [_thread_blocked, id=17448, stack(0x0000000018e90000,0x0000000018f90000)]
  0x0000000002ddd800 JavaThread "main" [_thread_blocked, id=9864, stack(0x0000000002c20000,0x0000000002d20000)]

Other Threads:
  0x0000000016cc8800 VMThread [stack: 0x0000000018990000,0x0000000018a90000] [id=3020]
  0x0000000018b4f800 WatcherThread [stack: 0x0000000019890000,0x0000000019990000] [id=21524]

VM state:not at safepoint (normal execution)

VM Mutex/Monitor currently owned by a thread: None

heap address: 0x00000000a0000000, size: 1536 MB, Compressed Oops mode: 32-bit
Narrow klass base: 0x0000000000000000, Narrow klass shift: 3
Compressed class space size: 1073741824 Address: 0x0000000100000000

Heap:
 PSYoungGen      total 272896K, used 81817K [0x00000000e0000000, 0x00000000fe080000, 0x0000000100000000)
  eden space 257024K, 31% used [0x00000000e0000000,0x00000000e4fe65d0,0x00000000efb00000)
  from space 15872K, 0% used [0x00000000efb00000,0x00000000efb00000,0x00000000f0a80000)
  to   space 15872K, 0% used [0x00000000fd100000,0x00000000fd100000,0x00000000fe080000)
 ParOldGen       total 65536K, used 17044K [0x00000000a0000000, 0x00000000a4000000, 0x00000000e0000000)
  object space 65536K, 26% used [0x00000000a0000000,0x00000000a10a5350,0x00000000a4000000)
 Metaspace       used 42830K, capacity 43872K, committed 44032K, reserved 1087488K
  class space    used 5783K, capacity 6086K, committed 6144K, reserved 1048576K

Card table byte_map: [0x00000000122d0000,0x00000000125e0000] byte_map_base: 0x0000000011dd0000

Marking Bits: (ParMarkBitMap*) 0x0000000051f09f30
 Begin Bits: [0x0000000012fe0000, 0x00000000147e0000)
 End Bits:   [0x00000000147e0000, 0x0000000015fe0000)

Polling page: 0x00000000013d0000

CodeCache: size=245760Kb used=11552Kb max_used=11982Kb free=234207Kb
 bounds [0x0000000002f10000, 0x0000000003ad0000, 0x0000000011f10000]
 total_blobs=4138 nmethods=3392 adapters=659
 compilation: enabled

Compilation events (10 events):
Event: 14.898 Thread 0x0000000018ac8000 nmethod 3789 0x0000000003530b10 code [0x0000000003530ca0, 0x00000000035311e8]
Event: 14.898 Thread 0x0000000018ac8000 3790       3       java.util.regex.Matcher::start (22 bytes)
Event: 14.898 Thread 0x0000000018ac8000 nmethod 3790 0x0000000003908a50 code [0x0000000003908bc0, 0x0000000003908e28]
Event: 14.899 Thread 0x0000000018ac4000 nmethod 3778 0x0000000003104490 code [0x00000000031046e0, 0x00000000031057d0]
Event: 14.899 Thread 0x0000000018ac4000 3777   !   4       java.lang.StringCoding$StringDecoder::decode (179 bytes)
Event: 14.900 Thread 0x0000000018ac8000 3792       3       java.math.MutableBigInteger::compare (106 bytes)
Event: 14.900 Thread 0x0000000018ac8000 nmethod 3792 0x0000000003103d50 code [0x0000000003103ee0, 0x0000000003104290]
Event: 14.900 Thread 0x0000000018ac8000 3793       3       java.math.BigInteger::bitLengthForInt (8 bytes)
Event: 14.900 Thread 0x0000000018ac8000 nmethod 3793 0x00000000032e4d50 code [0x00000000032e4ec0, 0x00000000032e5028]
Event: 14.901 Thread 0x0000000018ac8000 3795       3       java.math.BigInteger::implSquareToLenChecks (198 bytes)

GC Heap History (10 events):
Event: 2.435 GC heap before
{Heap before GC invocations=5 (full 0):
 PSYoungGen      total 136192K, used 6827K [0x00000000e0000000, 0x00000000e8a00000, 0x0000000100000000)
  eden space 131072K, 1% used [0x00000000e0000000,0x00000000e01b2e10,0x00000000e8000000)
  from space 5120K, 99% used [0x00000000e8500000,0x00000000e89f8030,0x00000000e8a00000)
  to   space 5120K, 0% used [0x00000000e8000000,0x00000000e8000000,0x00000000e8500000)
 ParOldGen       total 86016K, used 11950K [0x00000000a0000000, 0x00000000a5400000, 0x00000000e0000000)
  object space 86016K, 13% used [0x00000000a0000000,0x00000000a0babba0,0x00000000a5400000)
 Metaspace       used 20730K, capacity 21202K, committed 21296K, reserved 1067008K
  class space    used 2997K, capacity 3161K, committed 3200K, reserved 1048576K
Event: 2.440 GC heap after
Heap after GC invocations=5 (full 0):
 PSYoungGen      total 136192K, used 5088K [0x00000000e0000000, 0x00000000f1b00000, 0x0000000100000000)
  eden space 131072K, 0% used [0x00000000e0000000,0x00000000e0000000,0x00000000e8000000)
  from space 5120K, 99% used [0x00000000e8000000,0x00000000e84f8030,0x00000000e8500000)
  to   space 13824K, 0% used [0x00000000f0d80000,0x00000000f0d80000,0x00000000f1b00000)
 ParOldGen       total 86016K, used 12084K [0x00000000a0000000, 0x00000000a5400000, 0x00000000e0000000)
  object space 86016K, 14% used [0x00000000a0000000,0x00000000a0bcd330,0x00000000a5400000)
 Metaspace       used 20730K, capacity 21202K, committed 21296K, reserved 1067008K
  class space    used 2997K, capacity 3161K, committed 3200K, reserved 1048576K
}
Event: 2.440 GC heap before
{Heap before GC invocations=6 (full 1):
 PSYoungGen      total 136192K, used 5088K [0x00000000e0000000, 0x00000000f1b00000, 0x0000000100000000)
  eden space 131072K, 0% used [0x00000000e0000000,0x00000000e0000000,0x00000000e8000000)
  from space 5120K, 99% used [0x00000000e8000000,0x00000000e84f8030,0x00000000e8500000)
  to   space 13824K, 0% used [0x00000000f0d80000,0x00000000f0d80000,0x00000000f1b00000)
 ParOldGen       total 86016K, used 12084K [0x00000000a0000000, 0x00000000a5400000, 0x00000000e0000000)
  object space 86016K, 14% used [0x00000000a0000000,0x00000000a0bcd330,0x00000000a5400000)
 Metaspace       used 20730K, capacity 21202K, committed 21296K, reserved 1067008K
  class space    used 2997K, capacity 3161K, committed 3200K, reserved 1048576K
Event: 2.468 GC heap after
Heap after GC invocations=6 (full 1):
 PSYoungGen      total 136192K, used 0K [0x00000000e0000000, 0x00000000f1b00000, 0x0000000100000000)
  eden space 131072K, 0% used [0x00000000e0000000,0x00000000e0000000,0x00000000e8000000)
  from space 5120K, 0% used [0x00000000e8000000,0x00000000e8000000,0x00000000e8500000)
  to   space 13824K, 0% used [0x00000000f0d80000,0x00000000f0d80000,0x00000000f1b00000)
 ParOldGen       total 51712K, used 7329K [0x00000000a0000000, 0x00000000a3280000, 0x00000000e0000000)
  object space 51712K, 14% used [0x00000000a0000000,0x00000000a0728588,0x00000000a3280000)
 Metaspace       used 20730K, capacity 21202K, committed 21296K, reserved 1067008K
  class space    used 2997K, capacity 3161K, committed 3200K, reserved 1048576K
}
Event: 4.476 GC heap before
{Heap before GC invocations=7 (full 1):
 PSYoungGen      total 136192K, used 131072K [0x00000000e0000000, 0x00000000f1b00000, 0x0000000100000000)
  eden space 131072K, 100% used [0x00000000e0000000,0x00000000e8000000,0x00000000e8000000)
  from space 5120K, 0% used [0x00000000e8000000,0x00000000e8000000,0x00000000e8500000)
  to   space 13824K, 0% used [0x00000000f0d80000,0x00000000f0d80000,0x00000000f1b00000)
 ParOldGen       total 51712K, used 7329K [0x00000000a0000000, 0x00000000a3280000, 0x00000000e0000000)
  object space 51712K, 14% used [0x00000000a0000000,0x00000000a0728588,0x00000000a3280000)
 Metaspace       used 31964K, capacity 32556K, committed 32768K, reserved 1077248K
  class space    used 4382K, capacity 4591K, committed 4608K, reserved 1048576K
Event: 4.489 GC heap after
Heap after GC invocations=7 (full 1):
 PSYoungGen      total 260608K, used 12636K [0x00000000e0000000, 0x00000000f1a00000, 0x0000000100000000)
  eden space 247808K, 0% used [0x00000000e0000000,0x00000000e0000000,0x00000000ef200000)
  from space 12800K, 98% used [0x00000000f0d80000,0x00000000f19d7198,0x00000000f1a00000)
  to   space 15872K, 0% used [0x00000000efb00000,0x00000000efb00000,0x00000000f0a80000)
 ParOldGen       total 51712K, used 7337K [0x00000000a0000000, 0x00000000a3280000, 0x00000000e0000000)
  object space 51712K, 14% used [0x00000000a0000000,0x00000000a072a588,0x00000000a3280000)
 Metaspace       used 31964K, capacity 32556K, committed 32768K, reserved 1077248K
  class space    used 4382K, capacity 4591K, committed 4608K, reserved 1048576K
}
Event: 12.911 GC heap before
{Heap before GC invocations=8 (full 1):
 PSYoungGen      total 260608K, used 80912K [0x00000000e0000000, 0x00000000f1a00000, 0x0000000100000000)
  eden space 247808K, 27% used [0x00000000e0000000,0x00000000e42ad110,0x00000000ef200000)
  from space 12800K, 98% used [0x00000000f0d80000,0x00000000f19d7198,0x00000000f1a00000)
  to   space 15872K, 0% used [0x00000000efb00000,0x00000000efb00000,0x00000000f0a80000)
 ParOldGen       total 51712K, used 7337K [0x00000000a0000000, 0x00000000a3280000, 0x00000000e0000000)
  object space 51712K, 14% used [0x00000000a0000000,0x00000000a072a588,0x00000000a3280000)
 Metaspace       used 34577K, capacity 35388K, committed 35456K, reserved 1079296K
  class space    used 4751K, capacity 4973K, committed 4992K, reserved 1048576K
Event: 12.933 GC heap after
Heap after GC invocations=8 (full 1):
 PSYoungGen      total 272896K, used 10332K [0x00000000e0000000, 0x00000000fe080000, 0x0000000100000000)
  eden space 257024K, 0% used [0x00000000e0000000,0x00000000e0000000,0x00000000efb00000)
  from space 15872K, 65% used [0x00000000efb00000,0x00000000f0517218,0x00000000f0a80000)
  to   space 15872K, 0% used [0x00000000fd100000,0x00000000fd100000,0x00000000fe080000)
 ParOldGen       total 51712K, used 7345K [0x00000000a0000000, 0x00000000a3280000, 0x00000000e0000000)
  object space 51712K, 14% used [0x00000000a0000000,0x00000000a072c588,0x00000000a3280000)
 Metaspace       used 34577K, capacity 35388K, committed 35456K, reserved 1079296K
  class space    used 4751K, capacity 4973K, committed 4992K, reserved 1048576K
}
Event: 12.933 GC heap before
{Heap before GC invocations=9 (full 2):
 PSYoungGen      total 272896K, used 10332K [0x00000000e0000000, 0x00000000fe080000, 0x0000000100000000)
  eden space 257024K, 0% used [0x00000000e0000000,0x00000000e0000000,0x00000000efb00000)
  from space 15872K, 65% used [0x00000000efb00000,0x00000000f0517218,0x00000000f0a80000)
  to   space 15872K, 0% used [0x00000000fd100000,0x00000000fd100000,0x00000000fe080000)
 ParOldGen       total 51712K, used 7345K [0x00000000a0000000, 0x00000000a3280000, 0x00000000e0000000)
  object space 51712K, 14% used [0x00000000a0000000,0x00000000a072c588,0x00000000a3280000)
 Metaspace       used 34577K, capacity 35388K, committed 35456K, reserved 1079296K
  class space    used 4751K, capacity 4973K, committed 4992K, reserved 1048576K
Event: 13.027 GC heap after
Heap after GC invocations=9 (full 2):
 PSYoungGen      total 272896K, used 0K [0x00000000e0000000, 0x00000000fe080000, 0x0000000100000000)
  eden space 257024K, 0% used [0x00000000e0000000,0x00000000e0000000,0x00000000efb00000)
  from space 15872K, 0% used [0x00000000efb00000,0x00000000efb00000,0x00000000f0a80000)
  to   space 15872K, 0% used [0x00000000fd100000,0x00000000fd100000,0x00000000fe080000)
 ParOldGen       total 65536K, used 17044K [0x00000000a0000000, 0x00000000a4000000, 0x00000000e0000000)
  object space 65536K, 26% used [0x00000000a0000000,0x00000000a10a5350,0x00000000a4000000)
 Metaspace       used 34549K, capacity 35292K, committed 35456K, reserved 1079296K
  class space    used 4742K, capacity 4957K, committed 4992K, reserved 1048576K
}

Deoptimization events (10 events):
Event: 14.764 Thread 0x000000001b577800 Uncommon trap: reason=speculate_class_check action=maybe_recompile pc=0x0000000003acb414 method=java.util.HashMap.putVal(ILjava/lang/Object;Ljava/lang/Object;ZZ)Ljava/lang/Object; @ 56
Event: 14.817 Thread 0x000000001b577800 Uncommon trap: reason=unstable_if action=reinterpret pc=0x00000000033e393c method=java.lang.CharacterDataLatin1.isWhitespace(I)Z @ 14
Event: 14.860 Thread 0x000000001b577800 Uncommon trap: reason=unstable_if action=reinterpret pc=0x00000000039a17c0 method=java.util.jar.JarFile.maybeInstantiateVerifier()V @ 4
Event: 14.882 Thread 0x000000001b577800 Uncommon trap: reason=unstable_if action=reinterpret pc=0x00000000030ab994 method=java.util.jar.JarFile.maybeInstantiateVerifier()V @ 4
Event: 14.882 Thread 0x000000001b577800 Uncommon trap: reason=unstable_if action=reinterpret pc=0x000000000399eab0 method=java.security.CodeSource.<init>(Ljava/net/URL;[Ljava/security/CodeSigner;)V @ 25
Event: 14.883 Thread 0x000000001b577800 Uncommon trap: reason=unstable_if action=reinterpret pc=0x00000000034a052c method=java.security.CodeSource.getCertificates()[Ljava/security/cert/Certificate; @ 22
Event: 14.883 Thread 0x000000001b577800 Uncommon trap: reason=unstable_if action=reinterpret pc=0x000000000387f274 method=java.util.jar.JarFile.maybeInstantiateVerifier()V @ 4
Event: 14.883 Thread 0x000000001b577800 Uncommon trap: reason=unstable_if action=reinterpret pc=0x00000000033e3eb0 method=java.util.jar.JarFile.maybeInstantiateVerifier()V @ 4
Event: 14.883 Thread 0x000000001b577800 Uncommon trap: reason=unstable_if action=reinterpret pc=0x0000000003154904 method=java.security.CodeSource.matchCerts(Ljava/security/CodeSource;Z)Z @ 11
Event: 14.895 Thread 0x000000001b577800 Uncommon trap: reason=unstable_if action=reinterpret pc=0x00000000030370b8 method=java.util.LinkedHashMap.get(Ljava/lang/Object;)Ljava/lang/Object; @ 20

Classes redefined (0 events):
No events

Internal exceptions (10 events):
Event: 13.166 Thread 0x000000001b577800 Exception <a 'java/lang/ClassNotFoundException': org/gradle/api/internal/ConventionTaskCustomizer> (0x00000000e06ddbc8) thrown at [D:\src\AOSP-openjdk-cygwin\jdk8u\hotspot\src\share\vm\classfile\systemDictionary.cpp, line 210]
Event: 13.167 Thread 0x000000001b577800 Exception <a 'java/lang/ClassNotFoundException': org/gradle/api/tasks/DeleteCustomizer> (0x00000000e071cbf8) thrown at [D:\src\AOSP-openjdk-cygwin\jdk8u\hotspot\src\share\vm\classfile\systemDictionary.cpp, line 210]
Event: 13.168 Thread 0x000000001b577800 Exception <a 'java/lang/ClassNotFoundException': org/gradle/api/tasks/Delete_DecoratedCustomizer> (0x00000000e0769700) thrown at [D:\src\AOSP-openjdk-cygwin\jdk8u\hotspot\src\share\vm\classfile\systemDictionary.cpp, line 210]
Event: 13.366 Thread 0x000000001b577800 Exception <a 'java/lang/ClassNotFoundException': build_6fu9bysvbwcvezkrgasb5ocpkBeanInfo> (0x00000000e086eaa8) thrown at [D:\src\AOSP-openjdk-cygwin\jdk8u\hotspot\src\share\vm\classfile\systemDictionary.cpp, line 210]
Event: 13.366 Thread 0x000000001b577800 Exception <a 'java/lang/ClassNotFoundException': build_6fu9bysvbwcvezkrgasb5ocpkCustomizer> (0x00000000e087b420) thrown at [D:\src\AOSP-openjdk-cygwin\jdk8u\hotspot\src\share\vm\classfile\systemDictionary.cpp, line 210]
Event: 13.371 Thread 0x000000001b577800 Exception <a 'java/lang/ClassNotFoundException': org/gradle/api/internal/plugins/DefaultObjectConfigurationActionBeanInfo> (0x00000000e08f19b8) thrown at [D:\src\AOSP-openjdk-cygwin\jdk8u\hotspot\src\share\vm\classfile\systemDictionary.cpp, line 210]
Event: 13.372 Thread 0x000000001b577800 Exception <a 'java/lang/ClassNotFoundException': org/gradle/api/internal/plugins/DefaultObjectConfigurationActionCustomizer> (0x00000000e0934818) thrown at [D:\src\AOSP-openjdk-cygwin\jdk8u\hotspot\src\share\vm\classfile\systemDictionary.cpp, line 210]
Event: 13.919 Thread 0x000000001b577800 Implicit null exception at 0x000000000395271a to 0x000000000395bb6d
Event: 13.919 Thread 0x000000001b577800 Implicit null exception at 0x00000000038e1355 to 0x00000000038e163d
Event: 14.730 Thread 0x000000001b577800 Implicit null exception at 0x0000000003306a68 to 0x0000000003306f81

Events (10 events):
Event: 14.894 Thread 0x000000001b577800 DEOPT UNPACKING pc=0x0000000002f575d0 sp=0x000000001d0a5e00 mode 0
Event: 14.894 Thread 0x000000001b577800 DEOPT PACKING pc=0x000000000326d5c9 sp=0x000000001d0a6100
Event: 14.894 Thread 0x000000001b577800 DEOPT UNPACKING pc=0x0000000002f575d0 sp=0x000000001d0a5e00 mode 0
Event: 14.895 Thread 0x000000001b577800 DEOPT PACKING pc=0x000000000326d5c9 sp=0x000000001d0a6100
Event: 14.895 Thread 0x000000001b577800 DEOPT UNPACKING pc=0x0000000002f575d0 sp=0x000000001d0a5e00 mode 0
Event: 14.895 Thread 0x000000001b577800 DEOPT PACKING pc=0x000000000326d5c9 sp=0x000000001d0a6100
Event: 14.895 Thread 0x000000001b577800 DEOPT UNPACKING pc=0x0000000002f575d0 sp=0x000000001d0a5e00 mode 0
Event: 14.895 Thread 0x000000001b577800 Uncommon trap: trap_request=0xffffff65 fr.pc=0x00000000030370b8
Event: 14.895 Thread 0x000000001b577800 DEOPT PACKING pc=0x00000000030370b8 sp=0x000000001d0a5d20
Event: 14.895 Thread 0x000000001b577800 DEOPT UNPACKING pc=0x0000000002f5557b sp=0x000000001d0a5ce0 mode 2


Dynamic libraries:
0x00007ff744610000 - 0x00007ff744641000 	D:\Android Studi\jre\bin\java.exe
0x00007fffb5960000 - 0x00007fffb5b4d000 	C:\Windows\SYSTEM32\ntdll.dll
0x00007fffb3180000 - 0x00007fffb3233000 	C:\Windows\System32\KERNEL32.DLL
0x00007fffb2730000 - 0x00007fffb29c5000 	C:\Windows\System32\KERNELBASE.dll
0x00007fffb30d0000 - 0x00007fffb3173000 	C:\Windows\System32\ADVAPI32.dll
0x00007fffb37f0000 - 0x00007fffb388e000 	C:\Windows\System32\msvcrt.dll
0x00007fffb2d10000 - 0x00007fffb2dae000 	C:\Windows\System32\sechost.dll
0x00007fffb5220000 - 0x00007fffb5342000 	C:\Windows\System32\RPCRT4.dll
0x00007fffb5080000 - 0x00007fffb5217000 	C:\Windows\System32\USER32.dll
0x00007fffb1a20000 - 0x00007fffb1a40000 	C:\Windows\System32\win32u.dll
0x00007fffb3890000 - 0x00007fffb38b9000 	C:\Windows\System32\GDI32.dll
0x00007fffb1b90000 - 0x00007fffb1d2a000 	C:\Windows\System32\gdi32full.dll
0x00007fffb29d0000 - 0x00007fffb2a70000 	C:\Windows\System32\msvcp_win.dll
0x00007fffb1a90000 - 0x00007fffb1b8a000 	C:\Windows\System32\ucrtbase.dll
0x00007fffa2bc0000 - 0x00007fffa2e39000 	C:\Windows\WinSxS\amd64_microsoft.windows.common-controls_6595b64144ccf1df_6.0.17763.1282_none_de75b6f253473c0f\COMCTL32.dll
0x00007fffb5580000 - 0x00007fffb58ac000 	C:\Windows\System32\combase.dll
0x00007fffb2680000 - 0x00007fffb26fe000 	C:\Windows\System32\bcryptPrimitives.dll
0x00007fffb3a80000 - 0x00007fffb3aae000 	C:\Windows\System32\IMM32.DLL
0x0000000051580000 - 0x0000000051652000 	D:\Android Studi\jre\jre\bin\msvcr100.dll
0x0000000051740000 - 0x0000000051f86000 	D:\Android Studi\jre\jre\bin\server\jvm.dll
0x00007fffb2d00000 - 0x00007fffb2d08000 	C:\Windows\System32\PSAPI.DLL
0x00007fff773a0000 - 0x00007fff773a9000 	C:\Windows\SYSTEM32\WSOCK32.dll
0x00007fffad8b0000 - 0x00007fffad8d4000 	C:\Windows\SYSTEM32\WINMM.dll
0x00007fffaa550000 - 0x00007fffaa55a000 	C:\Windows\SYSTEM32\VERSION.dll
0x00007fffb3780000 - 0x00007fffb37ed000 	C:\Windows\System32\WS2_32.dll
0x00007fffad870000 - 0x00007fffad89d000 	C:\Windows\SYSTEM32\winmmbase.dll
0x00007fffb1a40000 - 0x00007fffb1a8a000 	C:\Windows\System32\cfgmgr32.dll
0x00007fffaa140000 - 0x00007fffaa14f000 	D:\Android Studi\jre\jre\bin\verify.dll
0x00007fff8a3b0000 - 0x00007fff8a3d9000 	D:\Android Studi\jre\jre\bin\java.dll
0x00007fff9fe00000 - 0x00007fff9fe16000 	D:\Android Studi\jre\jre\bin\zip.dll
0x00007fffb3b80000 - 0x00007fffb5078000 	C:\Windows\System32\SHELL32.dll
0x00007fffb2db0000 - 0x00007fffb2e58000 	C:\Windows\System32\shcore.dll
0x00007fffb1f30000 - 0x00007fffb267f000 	C:\Windows\System32\windows.storage.dll
0x00007fffb1990000 - 0x00007fffb19b4000 	C:\Windows\System32\profapi.dll
0x00007fffb19c0000 - 0x00007fffb1a1d000 	C:\Windows\System32\powrprof.dll
0x00007fffb3720000 - 0x00007fffb3772000 	C:\Windows\System32\shlwapi.dll
0x00007fffb1950000 - 0x00007fffb1961000 	C:\Windows\System32\kernel.appcore.dll
0x00007fffb1d30000 - 0x00007fffb1d47000 	C:\Windows\System32\cryptsp.dll
0x00007fff931f0000 - 0x00007fff9320a000 	D:\Android Studi\jre\jre\bin\net.dll
0x00007fffa32f0000 - 0x00007fffa34c7000 	C:\Windows\SYSTEM32\urlmon.dll
0x00007fffa1940000 - 0x00007fffa1be8000 	C:\Windows\SYSTEM32\iertutil.dll
0x00007fffb1380000 - 0x00007fffb138c000 	C:\Windows\SYSTEM32\CRYPTBASE.DLL
0x00007fffb11b0000 - 0x00007fffb1217000 	C:\Windows\system32\mswsock.dll
0x00007fff92d90000 - 0x00007fff92da3000 	D:\Android Studi\jre\jre\bin\nio.dll
0x00007fff92e00000 - 0x00007fff92e26000 	D:\work\Android\native\30\windows-amd64\native-platform.dll
0x00007fffa9f20000 - 0x00007fffa9f2d000 	D:\Android Studi\jre\jre\bin\management.dll
0x00007fffb0d30000 - 0x00007fffb0d63000 	C:\Windows\system32\rsaenh.dll
0x00007fffb2700000 - 0x00007fffb2726000 	C:\Windows\System32\bcrypt.dll
0x00007fffb1880000 - 0x00007fffb18a8000 	C:\Windows\SYSTEM32\USERENV.dll
0x00007fffb0ed0000 - 0x00007fffb0f0d000 	C:\Windows\SYSTEM32\IPHLPAPI.DLL
0x00007fffb2cf0000 - 0x00007fffb2cf8000 	C:\Windows\System32\NSI.dll
0x00007fffa7af0000 - 0x00007fffa7b06000 	C:\Windows\SYSTEM32\dhcpcsvc6.DLL
0x00007fffa6fa0000 - 0x00007fffa6fbc000 	C:\Windows\SYSTEM32\dhcpcsvc.DLL
0x00007fffb0f10000 - 0x00007fffb0fd7000 	C:\Windows\SYSTEM32\DNSAPI.dll

VM Arguments:
jvm_args: -Xmx1536m -Dfile.encoding=windows-1252 -Duser.country=US -Duser.language=en -Duser.variant 
java_command: org.gradle.launcher.daemon.bootstrap.GradleDaemon 5.6.4
java_class_path (initial): D:\work\Android\wrapper\dists\gradle-5.6.4-all\ankdp27end7byghfw1q2sw75f\gradle-5.6.4\lib\gradle-launcher-5.6.4.jar
Launcher Type: SUN_STANDARD

Environment Variables:
PATH=C:\Program Files (x86)\Common Files\Oracle\Java\javapath;C:\Program Files (x86)\Common Files\Intel\Shared Libraries\redist\intel64_win\compiler;C:\Program Files (x86)\Common Files\Intel\Shared Libraries\redist\intel64\compiler;C:\Windows\system32;C:\Windows;C:\Windows\System32\Wbem;C:\Windows\System32\WindowsPowerShell\v1.0\;C:\Windows\System32\OpenSSH\;C:\Program Files (x86)\NVIDIA Corporation\PhysX\Common;C:\Program Files\NVIDIA Corporation\NVIDIA NvDLISR;C:\Program Files\dotnet\;C:\Program Files\Microsoft SQL Server\Client SDK\ODBC\170\Tools\Binn\;C:\Program Files\Java\jdk1.8.0_231\bin\;C:\Program Files\Git\cmd;C:\Program Files (x86)\IVI Foundation\VISA\WinNT\Bin\;C:\Program Files\IVI Foundation\VISA\Win64\Bin\;C:\Program Files (x86)\IVI Foundation\VISA\WinNT\Bin;C:\Program Files\Microsoft SQL Server\130\Tools\Binn\;C:\Users\Adrian\AppData\Local\Microsoft\WindowsApps;C:\Users\Adrian\AppData\Local\Programs\Microsoft VS Code\bin;C:\Users\Adrian\.dotnet\tools;C:\Users\Adrian\AppData\Local\GitHubDesktop\bin;C:\src\flutter\bin;
USERNAME=Adrian
OS=Windows_NT
PROCESSOR_IDENTIFIER=Intel64 Family 6 Model 158 Stepping 10, GenuineIntel



---------------  S Y S T E M  ---------------

OS: Windows 10.0 , 64 bit Build 17763 (10.0.17763.1158)

CPU:total 8 (initial active 8) (4 cores per cpu, 2 threads per core) family 6 model 158 stepping 10, cmov, cx8, fxsr, mmx, sse, sse2, sse3, ssse3, sse4.1, sse4.2, popcnt, avx, avx2, aes, clmul, erms, 3dnowpref, lzcnt, ht, tsc, tscinvbit, bmi1, bmi2, adx

Memory: 4k page, physical 8240576k(620360k free), swap 14009136k(6144k free)

vm_info: OpenJDK 64-Bit Server VM (25.212-b04) for windows-amd64 JRE (1.8.0_212-release-1586-b04), built by "builder" with MS VC++ 10.0 (VS2010)

time: Thu Jul 16 12:19:31 2020
timezone: GTB Daylight Time
elapsed time: 14 seconds (0d 0h 0m 14s)

