#
# There is insufficient memory for the Java Runtime Environment to continue.
# Native memory allocation (malloc) failed to allocate 919456 bytes for Chunk::new
# Possible reasons:
#   The system is out of physical RAM or swap space
#   The process is running with CompressedOops enabled, and the Java Heap may be blocking the growth of the native heap
# Possible solutions:
#   Reduce memory load on the system
#   Increase physical memory or swap space
#   Check if swap backing store is full
#   Decrease Java heap size (-Xmx/-Xms)
#   Decrease number of Java threads
#   Decrease Java thread stack sizes (-Xss)
#   Set larger code cache with -XX:ReservedCodeCacheSize=
#   JVM is running with Unscaled Compressed Oops mode in which the Java heap is
#     placed in the first 4GB address space. The Java Heap base address is the
#     maximum limit for the native heap growth. Please use -XX:HeapBaseMinAddress
#     to set the Java Heap base and to place the Java Heap above 4GB virtual address.
# This output file may be truncated or incomplete.
#
#  Out of Memory Error (allocation.cpp:389), pid=17736, tid=0x0000000000002ec4
#
# JRE version: OpenJDK Runtime Environment (8.0_212-b04) (build 1.8.0_212-release-1586-b04)
# Java VM: OpenJDK 64-Bit Server VM (25.212-b04 mixed mode windows-amd64 compressed oops)
# Failed to write core dump. Minidumps are not enabled by default on client versions of Windows
#

---------------  T H R E A D  ---------------

Current thread (0x0000000018a12000):  JavaThread "C2 CompilerThread1" daemon [_thread_in_native, id=11972, stack(0x00000000193e0000,0x00000000194e0000)]

Stack: [0x00000000193e0000,0x00000000194e0000]
[error occurred during error reporting (printing stack bounds), id 0xc0000005]

Native frames: (J=compiled Java code, j=interpreted, Vv=VM code, C=native code)


Current CompileTask:
C2:   3446 3226       4       groovy.lang.MetaClassImpl$1MOPIter::methodNameAction (325 bytes)


---------------  P R O C E S S  ---------------

Java Threads: ( => current thread )
  0x00000000204ed800 JavaThread "Build operations Thread 8" [_thread_blocked, id=14720, stack(0x0000000023510000,0x0000000023610000)]
  0x00000000204ec000 JavaThread "Build operations Thread 7" [_thread_blocked, id=13508, stack(0x0000000023410000,0x0000000023510000)]
  0x00000000204f2000 JavaThread "Build operations Thread 6" [_thread_blocked, id=19864, stack(0x0000000023310000,0x0000000023410000)]
  0x00000000204ed000 JavaThread "Build operations Thread 5" [_thread_blocked, id=18712, stack(0x0000000023210000,0x0000000023310000)]
  0x00000000204ee800 JavaThread "Build operations Thread 4" [_thread_blocked, id=20740, stack(0x0000000023110000,0x0000000023210000)]
  0x00000000204ea800 JavaThread "Build operations Thread 3" [_thread_blocked, id=20392, stack(0x0000000023010000,0x0000000023110000)]
  0x00000000204f1800 JavaThread "Build operations Thread 2" [_thread_blocked, id=12200, stack(0x0000000022f10000,0x0000000023010000)]
  0x00000000204ea000 JavaThread "Build operations" [_thread_blocked, id=17152, stack(0x0000000022e10000,0x0000000022f10000)]
  0x00000000204f0000 JavaThread "Cache worker for execution history cache (D:\work\Android\caches\5.6.4\executionHistory)" [_thread_blocked, id=17756, stack(0x0000000022860000,0x0000000022960000)]
  0x00000000204ef000 JavaThread "Cache worker for cache directory md-rule (D:\work\Android\caches\5.6.4\md-rule)" [_thread_blocked, id=13396, stack(0x0000000021560000,0x0000000021660000)]
  0x000000001a37b000 JavaThread "Cache worker for cache directory md-supplier (D:\work\Android\caches\5.6.4\md-supplier)" [_thread_blocked, id=21856, stack(0x000000001fdf0000,0x000000001fef0000)]
  0x000000001a37d000 JavaThread "Cache worker for file hash cache (D:\work\Acs-upb-mobile\acs-upb-mobile\TravelGuide\.gradle\5.6.4\fileHashes)" [_thread_blocked, id=15172, stack(0x000000001d900000,0x000000001da00000)]
  0x000000001a379000 JavaThread "Cache worker for journal cache (D:\work\Android\caches\journal-1)" [_thread_blocked, id=22220, stack(0x000000001d800000,0x000000001d900000)]
  0x000000001a37c000 JavaThread "File lock request listener" [_thread_in_native, id=21988, stack(0x000000001d700000,0x000000001d800000)]
  0x000000001b680800 JavaThread "Cache worker for file hash cache (D:\work\Android\caches\5.6.4\fileHashes)" [_thread_blocked, id=8036, stack(0x000000001d600000,0x000000001d700000)]
  0x000000001b47c800 JavaThread "Thread-9" [_thread_blocked, id=21984, stack(0x000000001d300000,0x000000001d400000)]
  0x000000001b478800 JavaThread "Stdin handler" [_thread_blocked, id=22456, stack(0x000000001d200000,0x000000001d300000)]
  0x000000001b477800 JavaThread "Asynchronous log dispatcher for DefaultDaemonConnection: socket connection from /127.0.0.1:59823 to /127.0.0.1:59824" [_thread_blocked, id=16732, stack(0x000000001d000000,0x000000001d100000)]
  0x000000001b46c800 JavaThread "Daemon worker" [_thread_in_vm, id=21968, stack(0x000000001cf00000,0x000000001d000000)]
  0x000000001b48e800 JavaThread "Cancel handler" [_thread_blocked, id=1520, stack(0x000000001ce00000,0x000000001cf00000)]
  0x000000001b4f6000 JavaThread "Handler for socket connection from /127.0.0.1:59823 to /127.0.0.1:59824" [_thread_in_native, id=3428, stack(0x000000001cb00000,0x000000001cc00000)]
  0x000000001b4ec800 JavaThread "Daemon" [_thread_blocked, id=14448, stack(0x000000001ca00000,0x000000001cb00000)]
  0x000000001b492000 JavaThread "Daemon periodic checks" [_thread_blocked, id=3344, stack(0x000000001c900000,0x000000001ca00000)]
  0x0000000019c59800 JavaThread "Incoming local TCP Connector on port 59823" [_thread_in_native, id=5816, stack(0x000000001c6c0000,0x000000001c7c0000)]
  0x000000001a4b5800 JavaThread "Daemon health stats" [_thread_blocked, id=7524, stack(0x000000001c080000,0x000000001c180000)]
  0x0000000018a94800 JavaThread "Service Thread" daemon [_thread_blocked, id=10892, stack(0x00000000196e0000,0x00000000197e0000)]
  0x0000000018a18000 JavaThread "C1 CompilerThread3" daemon [_thread_blocked, id=2196, stack(0x00000000195e0000,0x00000000196e0000)]
  0x0000000018a15000 JavaThread "C2 CompilerThread2" daemon [_thread_in_native, id=18912, stack(0x00000000194e0000,0x00000000195e0000)]
=>0x0000000018a12000 JavaThread "C2 CompilerThread1" daemon [_thread_in_native, id=11972, stack(0x00000000193e0000,0x00000000194e0000)]
  0x0000000018a0e000 JavaThread "C2 CompilerThread0" daemon [_thread_in_native, id=9624, stack(0x00000000192e0000,0x00000000193e0000)]
  0x0000000018a0c000 JavaThread "Attach Listener" daemon [_thread_blocked, id=6268, stack(0x00000000191e0000,0x00000000192e0000)]
  0x0000000018a0b800 JavaThread "Signal Dispatcher" daemon [_thread_blocked, id=896, stack(0x00000000190e0000,0x00000000191e0000)]
  0x0000000018a01800 JavaThread "Finalizer" daemon [_thread_blocked, id=19460, stack(0x0000000018ee0000,0x0000000018fe0000)]
  0x0000000018a00800 JavaThread "Reference Handler" daemon [_thread_blocked, id=3192, stack(0x0000000018de0000,0x0000000018ee0000)]
  0x0000000002d5d800 JavaThread "main" [_thread_blocked, id=18384, stack(0x0000000002c00000,0x0000000002d00000)]

Other Threads:
  0x0000000016c18800 VMThread [stack: 0x00000000188e0000,0x00000000189e0000] [id=20932]
  0x0000000018a95800 WatcherThread [stack: 0x00000000197e0000,0x00000000198e0000] [id=3816]

VM state:not at safepoint (normal execution)

VM Mutex/Monitor currently owned by a thread: None

heap address: 0x00000000a0000000, size: 1536 MB, Compressed Oops mode: 32-bit
Narrow klass base: 0x0000000000000000, Narrow klass shift: 3
Compressed class space size: 1073741824 Address: 0x0000000100000000

Heap:
 PSYoungGen      total 272896K, used 19878K [0x00000000e0000000, 0x00000000fd880000, 0x0000000100000000)
  eden space 257024K, 7% used [0x00000000e0000000,0x00000000e1369898,0x00000000efb00000)
  from space 15872K, 0% used [0x00000000efb00000,0x00000000efb00000,0x00000000f0a80000)
  to   space 16384K, 0% used [0x00000000fc880000,0x00000000fc880000,0x00000000fd880000)
 ParOldGen       total 71680K, used 17219K [0x00000000a0000000, 0x00000000a4600000, 0x00000000e0000000)
  object space 71680K, 24% used [0x00000000a0000000,0x00000000a10d0e50,0x00000000a4600000)
 Metaspace       used 35388K, capacity 36236K, committed 36392K, reserved 1081344K
  class space    used 4889K, capacity 5115K, committed 5160K, reserved 1048576K

Card table byte_map: [0x0000000012220000,0x0000000012530000] byte_map_base: 0x0000000011d20000

Marking Bits: (ParMarkBitMap*) 0x0000000051f09f30
 Begin Bits: [0x0000000012f30000, 0x0000000014730000)
 End Bits:   [0x0000000014730000, 0x0000000015f30000)

Polling page: 0x0000000000bf0000

CodeCache: size=245760Kb used=11670Kb max_used=11670Kb free=234089Kb
 bounds [0x0000000002e60000, 0x00000000039d0000, 0x0000000011e60000]
 total_blobs=4039 nmethods=3337 adapters=615
 compilation: enabled

Compilation events (10 events):
Event: 3.406 Thread 0x0000000018a18000 nmethod 3330 0x00000000039b9c50 code [0x00000000039ba0e0, 0x00000000039bd008]
Event: 3.406 Thread 0x0000000018a18000 3331       3       sun.net.www.protocol.file.FileURLConnection::<init> (38 bytes)
Event: 3.406 Thread 0x0000000018a18000 nmethod 3331 0x00000000039becd0 code [0x00000000039bee60, 0x00000000039bf218]
Event: 3.409 Thread 0x0000000018a18000 3332       3       sun.misc.ProxyGenerator$MethodInfo::<init> (86 bytes)
Event: 3.410 Thread 0x0000000018a18000 nmethod 3332 0x00000000039bf410 code [0x00000000039bf660, 0x00000000039c00e8]
Event: 3.410 Thread 0x0000000018a18000 3333       3       sun.misc.ProxyGenerator::code_astore (11 bytes)
Event: 3.410 Thread 0x0000000018a18000 nmethod 3333 0x00000000039c0750 code [0x00000000039c08c0, 0x00000000039c0a68]
Event: 3.410 Thread 0x0000000018a18000 3334       3       sun.misc.ProxyGenerator::access$1700 (7 bytes)
Event: 3.410 Thread 0x0000000018a18000 nmethod 3334 0x00000000039c0b10 code [0x00000000039c0c80, 0x00000000039c0de8]
Event: 3.410 Thread 0x0000000018a18000 3335   !   2       java.lang.ClassLoader::getPackage (118 bytes)

GC Heap History (10 events):
Event: 1.980 GC heap before
{Heap before GC invocations=5 (full 0):
 PSYoungGen      total 136192K, used 6827K [0x00000000e0000000, 0x00000000e8a00000, 0x0000000100000000)
  eden space 131072K, 1% used [0x00000000e0000000,0x00000000e01b1c30,0x00000000e8000000)
  from space 5120K, 99% used [0x00000000e8500000,0x00000000e89f9050,0x00000000e8a00000)
  to   space 5120K, 0% used [0x00000000e8000000,0x00000000e8000000,0x00000000e8500000)
 ParOldGen       total 86016K, used 11873K [0x00000000a0000000, 0x00000000a5400000, 0x00000000e0000000)
  object space 86016K, 13% used [0x00000000a0000000,0x00000000a0b985a8,0x00000000a5400000)
 Metaspace       used 20724K, capacity 21202K, committed 21296K, reserved 1067008K
  class space    used 2996K, capacity 3161K, committed 3200K, reserved 1048576K
Event: 1.984 GC heap after
Heap after GC invocations=5 (full 0):
 PSYoungGen      total 136192K, used 5108K [0x00000000e0000000, 0x00000000f1b00000, 0x0000000100000000)
  eden space 131072K, 0% used [0x00000000e0000000,0x00000000e0000000,0x00000000e8000000)
  from space 5120K, 99% used [0x00000000e8000000,0x00000000e84fd060,0x00000000e8500000)
  to   space 13824K, 0% used [0x00000000f0d80000,0x00000000f0d80000,0x00000000f1b00000)
 ParOldGen       total 86016K, used 12059K [0x00000000a0000000, 0x00000000a5400000, 0x00000000e0000000)
  object space 86016K, 14% used [0x00000000a0000000,0x00000000a0bc6cd0,0x00000000a5400000)
 Metaspace       used 20724K, capacity 21202K, committed 21296K, reserved 1067008K
  class space    used 2996K, capacity 3161K, committed 3200K, reserved 1048576K
}
Event: 1.984 GC heap before
{Heap before GC invocations=6 (full 1):
 PSYoungGen      total 136192K, used 5108K [0x00000000e0000000, 0x00000000f1b00000, 0x0000000100000000)
  eden space 131072K, 0% used [0x00000000e0000000,0x00000000e0000000,0x00000000e8000000)
  from space 5120K, 99% used [0x00000000e8000000,0x00000000e84fd060,0x00000000e8500000)
  to   space 13824K, 0% used [0x00000000f0d80000,0x00000000f0d80000,0x00000000f1b00000)
 ParOldGen       total 86016K, used 12059K [0x00000000a0000000, 0x00000000a5400000, 0x00000000e0000000)
  object space 86016K, 14% used [0x00000000a0000000,0x00000000a0bc6cd0,0x00000000a5400000)
 Metaspace       used 20724K, capacity 21202K, committed 21296K, reserved 1067008K
  class space    used 2996K, capacity 3161K, committed 3200K, reserved 1048576K
Event: 2.007 GC heap after
Heap after GC invocations=6 (full 1):
 PSYoungGen      total 136192K, used 0K [0x00000000e0000000, 0x00000000f1b00000, 0x0000000100000000)
  eden space 131072K, 0% used [0x00000000e0000000,0x00000000e0000000,0x00000000e8000000)
  from space 5120K, 0% used [0x00000000e8000000,0x00000000e8000000,0x00000000e8500000)
  to   space 13824K, 0% used [0x00000000f0d80000,0x00000000f0d80000,0x00000000f1b00000)
 ParOldGen       total 56832K, used 12244K [0x00000000a0000000, 0x00000000a3780000, 0x00000000e0000000)
  object space 56832K, 21% used [0x00000000a0000000,0x00000000a0bf5390,0x00000000a3780000)
 Metaspace       used 20724K, capacity 21202K, committed 21296K, reserved 1067008K
  class space    used 2996K, capacity 3161K, committed 3200K, reserved 1048576K
}
Event: 2.905 GC heap before
{Heap before GC invocations=7 (full 1):
 PSYoungGen      total 136192K, used 131072K [0x00000000e0000000, 0x00000000f1b00000, 0x0000000100000000)
  eden space 131072K, 100% used [0x00000000e0000000,0x00000000e8000000,0x00000000e8000000)
  from space 5120K, 0% used [0x00000000e8000000,0x00000000e8000000,0x00000000e8500000)
  to   space 13824K, 0% used [0x00000000f0d80000,0x00000000f0d80000,0x00000000f1b00000)
 ParOldGen       total 56832K, used 12244K [0x00000000a0000000, 0x00000000a3780000, 0x00000000e0000000)
  object space 56832K, 21% used [0x00000000a0000000,0x00000000a0bf5390,0x00000000a3780000)
 Metaspace       used 31965K, capacity 32556K, committed 32768K, reserved 1077248K
  class space    used 4384K, capacity 4591K, committed 4608K, reserved 1048576K
Event: 2.916 GC heap after
Heap after GC invocations=7 (full 1):
 PSYoungGen      total 257536K, used 12671K [0x00000000e0000000, 0x00000000f1a00000, 0x0000000100000000)
  eden space 244736K, 0% used [0x00000000e0000000,0x00000000e0000000,0x00000000eef00000)
  from space 12800K, 98% used [0x00000000f0d80000,0x00000000f19dfe38,0x00000000f1a00000)
  to   space 15872K, 0% used [0x00000000efb00000,0x00000000efb00000,0x00000000f0a80000)
 ParOldGen       total 56832K, used 12252K [0x00000000a0000000, 0x00000000a3780000, 0x00000000e0000000)
  object space 56832K, 21% used [0x00000000a0000000,0x00000000a0bf7390,0x00000000a3780000)
 Metaspace       used 31965K, capacity 32556K, committed 32768K, reserved 1077248K
  class space    used 4384K, capacity 4591K, committed 4608K, reserved 1048576K
}
Event: 3.297 GC heap before
{Heap before GC invocations=8 (full 1):
 PSYoungGen      total 257536K, used 81890K [0x00000000e0000000, 0x00000000f1a00000, 0x0000000100000000)
  eden space 244736K, 28% used [0x00000000e0000000,0x00000000e4398d20,0x00000000eef00000)
  from space 12800K, 98% used [0x00000000f0d80000,0x00000000f19dfe38,0x00000000f1a00000)
  to   space 15872K, 0% used [0x00000000efb00000,0x00000000efb00000,0x00000000f0a80000)
 ParOldGen       total 56832K, used 12252K [0x00000000a0000000, 0x00000000a3780000, 0x00000000e0000000)
  object space 56832K, 21% used [0x00000000a0000000,0x00000000a0bf7390,0x00000000a3780000)
 Metaspace       used 34626K, capacity 35428K, committed 35496K, reserved 1079296K
  class space    used 4767K, capacity 5007K, committed 5032K, reserved 1048576K
Event: 3.306 GC heap after
Heap after GC invocations=8 (full 1):
 PSYoungGen      total 272896K, used 10462K [0x00000000e0000000, 0x00000000fd880000, 0x0000000100000000)
  eden space 257024K, 0% used [0x00000000e0000000,0x00000000e0000000,0x00000000efb00000)
  from space 15872K, 65% used [0x00000000efb00000,0x00000000f0537ad0,0x00000000f0a80000)
  to   space 16384K, 0% used [0x00000000fc880000,0x00000000fc880000,0x00000000fd880000)
 ParOldGen       total 56832K, used 12260K [0x00000000a0000000, 0x00000000a3780000, 0x00000000e0000000)
  object space 56832K, 21% used [0x00000000a0000000,0x00000000a0bf9390,0x00000000a3780000)
 Metaspace       used 34626K, capacity 35428K, committed 35496K, reserved 1079296K
  class space    used 4767K, capacity 5007K, committed 5032K, reserved 1048576K
}
Event: 3.306 GC heap before
{Heap before GC invocations=9 (full 2):
 PSYoungGen      total 272896K, used 10462K [0x00000000e0000000, 0x00000000fd880000, 0x0000000100000000)
  eden space 257024K, 0% used [0x00000000e0000000,0x00000000e0000000,0x00000000efb00000)
  from space 15872K, 65% used [0x00000000efb00000,0x00000000f0537ad0,0x00000000f0a80000)
  to   space 16384K, 0% used [0x00000000fc880000,0x00000000fc880000,0x00000000fd880000)
 ParOldGen       total 56832K, used 12260K [0x00000000a0000000, 0x00000000a3780000, 0x00000000e0000000)
  object space 56832K, 21% used [0x00000000a0000000,0x00000000a0bf9390,0x00000000a3780000)
 Metaspace       used 34626K, capacity 35428K, committed 35496K, reserved 1079296K
  class space    used 4767K, capacity 5007K, committed 5032K, reserved 1048576K
Event: 3.356 GC heap after
Heap after GC invocations=9 (full 2):
 PSYoungGen      total 272896K, used 0K [0x00000000e0000000, 0x00000000fd880000, 0x0000000100000000)
  eden space 257024K, 0% used [0x00000000e0000000,0x00000000e0000000,0x00000000efb00000)
  from space 15872K, 0% used [0x00000000efb00000,0x00000000efb00000,0x00000000f0a80000)
  to   space 16384K, 0% used [0x00000000fc880000,0x00000000fc880000,0x00000000fd880000)
 ParOldGen       total 71680K, used 17219K [0x00000000a0000000, 0x00000000a4600000, 0x00000000e0000000)
  object space 71680K, 24% used [0x00000000a0000000,0x00000000a10d0e50,0x00000000a4600000)
 Metaspace       used 34596K, capacity 35326K, committed 35496K, reserved 1079296K
  class space    used 4757K, capacity 4990K, committed 5032K, reserved 1048576K
}

Deoptimization events (10 events):
Event: 3.169 Thread 0x00000000204ea000 Uncommon trap: reason=unstable_if action=reinterpret pc=0x00000000033b0468 method=java.util.concurrent.ConcurrentHashMap.addCount(JI)V @ 34
Event: 3.169 Thread 0x00000000204ee800 Uncommon trap: reason=unstable_if action=reinterpret pc=0x00000000033b0468 method=java.util.concurrent.ConcurrentHashMap.addCount(JI)V @ 34
Event: 3.169 Thread 0x00000000204ed000 Uncommon trap: reason=unstable_if action=reinterpret pc=0x00000000033109f8 method=java.util.concurrent.ConcurrentHashMap.addCount(JI)V @ 7
Event: 3.248 Thread 0x000000001b46c800 Uncommon trap: reason=unstable_if action=reinterpret pc=0x00000000031572cc method=java.util.jar.JarFile.match([C[B[I[I)Z @ 29
Event: 3.276 Thread 0x000000001b46c800 Uncommon trap: reason=unstable_if action=reinterpret pc=0x00000000032e84a0 method=java.util.WeakHashMap.expungeStaleEntries()V @ 66
Event: 3.296 Thread 0x000000001b46c800 Uncommon trap: reason=range_check action=make_not_entrant pc=0x000000000381aa94 method=java.lang.String.charAt(I)C @ 27
Event: 3.357 Thread 0x0000000018a01800 Uncommon trap: reason=unstable_if action=reinterpret pc=0x0000000003471824 method=java.lang.ref.Finalizer.remove()V @ 10
Event: 3.357 Thread 0x0000000018a01800 Uncommon trap: reason=unstable_if action=reinterpret pc=0x0000000003468b28 method=java.lang.ref.Finalizer.remove()V @ 10
Event: 3.404 Thread 0x000000001b46c800 Uncommon trap: reason=bimorphic action=maybe_recompile pc=0x00000000033fd63c method=java.lang.ClassLoader.getPackage(Ljava/lang/String;)Ljava/lang/Package; @ 47
Event: 3.404 Thread 0x000000001b46c800 Uncommon trap: reason=bimorphic action=maybe_recompile pc=0x00000000033fd63c method=java.lang.ClassLoader.getPackage(Ljava/lang/String;)Ljava/lang/Package; @ 47

Classes redefined (0 events):
No events

Internal exceptions (10 events):
Event: 3.381 Thread 0x000000001b46c800 Exception <a 'java/lang/ClassNotFoundException': org/gradle/api/internal/AbstractTaskBeanInfo> (0x00000000e0574918) thrown at [D:\src\AOSP-openjdk-cygwin\jdk8u\hotspot\src\share\vm\classfile\systemDictionary.cpp, line 210]
Event: 3.381 Thread 0x000000001b46c800 Exception <a 'java/lang/ClassNotFoundException': org/gradle/api/internal/AbstractTaskCustomizer> (0x00000000e05a77e0) thrown at [D:\src\AOSP-openjdk-cygwin\jdk8u\hotspot\src\share\vm\classfile\systemDictionary.cpp, line 210]
Event: 3.383 Thread 0x000000001b46c800 Exception <a 'java/lang/ClassNotFoundException': org/gradle/api/DefaultTaskCustomizer> (0x00000000e06333d8) thrown at [D:\src\AOSP-openjdk-cygwin\jdk8u\hotspot\src\share\vm\classfile\systemDictionary.cpp, line 210]
Event: 3.384 Thread 0x000000001b46c800 Exception <a 'java/lang/ClassNotFoundException': org/gradle/api/internal/ConventionTaskCustomizer> (0x00000000e06e8648) thrown at [D:\src\AOSP-openjdk-cygwin\jdk8u\hotspot\src\share\vm\classfile\systemDictionary.cpp, line 210]
Event: 3.385 Thread 0x000000001b46c800 Exception <a 'java/lang/ClassNotFoundException': org/gradle/api/tasks/DeleteCustomizer> (0x00000000e0727698) thrown at [D:\src\AOSP-openjdk-cygwin\jdk8u\hotspot\src\share\vm\classfile\systemDictionary.cpp, line 210]
Event: 3.386 Thread 0x000000001b46c800 Exception <a 'java/lang/ClassNotFoundException': org/gradle/api/tasks/Delete_DecoratedCustomizer> (0x00000000e07741c0) thrown at [D:\src\AOSP-openjdk-cygwin\jdk8u\hotspot\src\share\vm\classfile\systemDictionary.cpp, line 210]
Event: 3.399 Thread 0x000000001b46c800 Exception <a 'java/lang/ClassNotFoundException': build_6fu9bysvbwcvezkrgasb5ocpkBeanInfo> (0x00000000e0899740) thrown at [D:\src\AOSP-openjdk-cygwin\jdk8u\hotspot\src\share\vm\classfile\systemDictionary.cpp, line 210]
Event: 3.399 Thread 0x000000001b46c800 Exception <a 'java/lang/ClassNotFoundException': build_6fu9bysvbwcvezkrgasb5ocpkCustomizer> (0x00000000e08a60b8) thrown at [D:\src\AOSP-openjdk-cygwin\jdk8u\hotspot\src\share\vm\classfile\systemDictionary.cpp, line 210]
Event: 3.402 Thread 0x000000001b46c800 Exception <a 'java/lang/ClassNotFoundException': org/gradle/api/internal/plugins/DefaultObjectConfigurationActionBeanInfo> (0x00000000e091c678) thrown at [D:\src\AOSP-openjdk-cygwin\jdk8u\hotspot\src\share\vm\classfile\systemDictionary.cpp, line 210]
Event: 3.403 Thread 0x000000001b46c800 Exception <a 'java/lang/ClassNotFoundException': org/gradle/api/internal/plugins/DefaultObjectConfigurationActionCustomizer> (0x00000000e095f4d8) thrown at [D:\src\AOSP-openjdk-cygwin\jdk8u\hotspot\src\share\vm\classfile\systemDictionary.cpp, line 210]

Events (10 events):
Event: 3.408 loading class kotlin/Metadata
Event: 3.408 loading class kotlin/Metadata done
Event: 3.408 loading class kotlin/annotation/Retention
Event: 3.408 loading class kotlin/annotation/Retention done
Event: 3.408 loading class kotlin/annotation/Target
Event: 3.408 loading class kotlin/annotation/Target done
Event: 3.410 loading class kotlin/Deprecated
Event: 3.410 loading class kotlin/Deprecated done
Event: 3.410 loading class kotlin/Deprecated
Event: 3.410 loading class kotlin/Deprecated done


Dynamic libraries:
0x00007ff744610000 - 0x00007ff744641000 	D:\Android Studi\jre\bin\java.exe
0x00007fffb5960000 - 0x00007fffb5b4d000 	C:\Windows\SYSTEM32\ntdll.dll
0x00007fffb3180000 - 0x00007fffb3233000 	C:\Windows\System32\KERNEL32.DLL
0x00007fffb2730000 - 0x00007fffb29c5000 	C:\Windows\System32\KERNELBASE.dll
0x00007fffb30d0000 - 0x00007fffb3173000 	C:\Windows\System32\ADVAPI32.dll
0x00007fffb37f0000 - 0x00007fffb388e000 	C:\Windows\System32\msvcrt.dll
0x00007fffb2d10000 - 0x00007fffb2dae000 	C:\Windows\System32\sechost.dll
0x00007fffb5220000 - 0x00007fffb5342000 	C:\Windows\System32\RPCRT4.dll
0x00007fffb5080000 - 0x00007fffb5217000 	C:\Windows\System32\USER32.dll
0x00007fffb1a20000 - 0x00007fffb1a40000 	C:\Windows\System32\win32u.dll
0x00007fffb3890000 - 0x00007fffb38b9000 	C:\Windows\System32\GDI32.dll
0x00007fffb1b90000 - 0x00007fffb1d2a000 	C:\Windows\System32\gdi32full.dll
0x00007fffb29d0000 - 0x00007fffb2a70000 	C:\Windows\System32\msvcp_win.dll
0x00007fffb1a90000 - 0x00007fffb1b8a000 	C:\Windows\System32\ucrtbase.dll
0x00007fffa2bc0000 - 0x00007fffa2e39000 	C:\Windows\WinSxS\amd64_microsoft.windows.common-controls_6595b64144ccf1df_6.0.17763.1282_none_de75b6f253473c0f\COMCTL32.dll
0x00007fffb5580000 - 0x00007fffb58ac000 	C:\Windows\System32\combase.dll
0x00007fffb2680000 - 0x00007fffb26fe000 	C:\Windows\System32\bcryptPrimitives.dll
0x00007fffb3a80000 - 0x00007fffb3aae000 	C:\Windows\System32\IMM32.DLL
0x0000000051580000 - 0x0000000051652000 	D:\Android Studi\jre\jre\bin\msvcr100.dll
0x0000000051740000 - 0x0000000051f86000 	D:\Android Studi\jre\jre\bin\server\jvm.dll
0x00007fffb2d00000 - 0x00007fffb2d08000 	C:\Windows\System32\PSAPI.DLL
0x00007fff773a0000 - 0x00007fff773a9000 	C:\Windows\SYSTEM32\WSOCK32.dll
0x00007fffad8b0000 - 0x00007fffad8d4000 	C:\Windows\SYSTEM32\WINMM.dll
0x00007fffaa550000 - 0x00007fffaa55a000 	C:\Windows\SYSTEM32\VERSION.dll
0x00007fffb3780000 - 0x00007fffb37ed000 	C:\Windows\System32\WS2_32.dll
0x00007fffad870000 - 0x00007fffad89d000 	C:\Windows\SYSTEM32\winmmbase.dll
0x00007fffb1a40000 - 0x00007fffb1a8a000 	C:\Windows\System32\cfgmgr32.dll
0x00007fffaa140000 - 0x00007fffaa14f000 	D:\Android Studi\jre\jre\bin\verify.dll
0x00007fff8a3b0000 - 0x00007fff8a3d9000 	D:\Android Studi\jre\jre\bin\java.dll
0x00007fff9fe00000 - 0x00007fff9fe16000 	D:\Android Studi\jre\jre\bin\zip.dll
0x00007fffb3b80000 - 0x00007fffb5078000 	C:\Windows\System32\SHELL32.dll
0x00007fffb2db0000 - 0x00007fffb2e58000 	C:\Windows\System32\shcore.dll
0x00007fffb1f30000 - 0x00007fffb267f000 	C:\Windows\System32\windows.storage.dll
0x00007fffb1990000 - 0x00007fffb19b4000 	C:\Windows\System32\profapi.dll
0x00007fffb19c0000 - 0x00007fffb1a1d000 	C:\Windows\System32\powrprof.dll
0x00007fffb3720000 - 0x00007fffb3772000 	C:\Windows\System32\shlwapi.dll
0x00007fffb1950000 - 0x00007fffb1961000 	C:\Windows\System32\kernel.appcore.dll
0x00007fffb1d30000 - 0x00007fffb1d47000 	C:\Windows\System32\cryptsp.dll
0x00007fff931f0000 - 0x00007fff9320a000 	D:\Android Studi\jre\jre\bin\net.dll
0x00007fffa32f0000 - 0x00007fffa34c7000 	C:\Windows\SYSTEM32\urlmon.dll
0x00007fffa1940000 - 0x00007fffa1be8000 	C:\Windows\SYSTEM32\iertutil.dll
0x00007fffb1380000 - 0x00007fffb138c000 	C:\Windows\SYSTEM32\CRYPTBASE.DLL
0x00007fffb11b0000 - 0x00007fffb1217000 	C:\Windows\system32\mswsock.dll
0x00007fff92d90000 - 0x00007fff92da3000 	D:\Android Studi\jre\jre\bin\nio.dll
0x00007fff92e00000 - 0x00007fff92e26000 	D:\work\Android\native\30\windows-amd64\native-platform.dll
0x00007fffa9f20000 - 0x00007fffa9f2d000 	D:\Android Studi\jre\jre\bin\management.dll
0x00007fffb0d30000 - 0x00007fffb0d63000 	C:\Windows\system32\rsaenh.dll
0x00007fffb2700000 - 0x00007fffb2726000 	C:\Windows\System32\bcrypt.dll
0x00007fffb1880000 - 0x00007fffb18a8000 	C:\Windows\SYSTEM32\USERENV.dll
0x00007fffb0ed0000 - 0x00007fffb0f0d000 	C:\Windows\SYSTEM32\IPHLPAPI.DLL
0x00007fffb2cf0000 - 0x00007fffb2cf8000 	C:\Windows\System32\NSI.dll
0x00007fffa7af0000 - 0x00007fffa7b06000 	C:\Windows\SYSTEM32\dhcpcsvc6.DLL
0x00007fffa6fa0000 - 0x00007fffa6fbc000 	C:\Windows\SYSTEM32\dhcpcsvc.DLL
0x00007fffb0f10000 - 0x00007fffb0fd7000 	C:\Windows\SYSTEM32\DNSAPI.dll

VM Arguments:
jvm_args: -Xmx1536m -Dfile.encoding=windows-1252 -Duser.country=US -Duser.language=en -Duser.variant 
java_command: org.gradle.launcher.daemon.bootstrap.GradleDaemon 5.6.4
java_class_path (initial): D:\work\Android\wrapper\dists\gradle-5.6.4-all\ankdp27end7byghfw1q2sw75f\gradle-5.6.4\lib\gradle-launcher-5.6.4.jar
Launcher Type: SUN_STANDARD

Environment Variables:
PATH=C:\Program Files (x86)\Common Files\Oracle\Java\javapath;C:\Program Files (x86)\Common Files\Intel\Shared Libraries\redist\intel64_win\compiler;C:\Program Files (x86)\Common Files\Intel\Shared Libraries\redist\intel64\compiler;C:\Windows\system32;C:\Windows;C:\Windows\System32\Wbem;C:\Windows\System32\WindowsPowerShell\v1.0\;C:\Windows\System32\OpenSSH\;C:\Program Files (x86)\NVIDIA Corporation\PhysX\Common;C:\Program Files\NVIDIA Corporation\NVIDIA NvDLISR;C:\Program Files\dotnet\;C:\Program Files\Microsoft SQL Server\Client SDK\ODBC\170\Tools\Binn\;C:\Program Files\Java\jdk1.8.0_231\bin\;C:\Program Files\Git\cmd;C:\Program Files (x86)\IVI Foundation\VISA\WinNT\Bin\;C:\Program Files\IVI Foundation\VISA\Win64\Bin\;C:\Program Files (x86)\IVI Foundation\VISA\WinNT\Bin;C:\Program Files\Microsoft SQL Server\130\Tools\Binn\;C:\Users\Adrian\AppData\Local\Microsoft\WindowsApps;C:\Users\Adrian\AppData\Local\Programs\Microsoft VS Code\bin;C:\Users\Adrian\.dotnet\tools;C:\Users\Adrian\AppData\Local\GitHubDesktop\bin;C:\src\flutter\bin;
USERNAME=Adrian
OS=Windows_NT
PROCESSOR_IDENTIFIER=Intel64 Family 6 Model 158 Stepping 10, GenuineIntel



---------------  S Y S T E M  ---------------

OS: Windows 10.0 , 64 bit Build 17763 (10.0.17763.1158)

CPU:total 8 (initial active 8) (4 cores per cpu, 2 threads per core) family 6 model 158 stepping 10, cmov, cx8, fxsr, mmx, sse, sse2, sse3, ssse3, sse4.1, sse4.2, popcnt, avx, avx2, aes, clmul, erms, 3dnowpref, lzcnt, ht, tsc, tscinvbit, bmi1, bmi2, adx

Memory: 4k page, physical 8240576k(618920k free), swap 14009136k(9464k free)

vm_info: OpenJDK 64-Bit Server VM (25.212-b04) for windows-amd64 JRE (1.8.0_212-release-1586-b04), built by "builder" with MS VC++ 10.0 (VS2010)

time: Thu Jul 16 12:20:41 2020
timezone: GTB Daylight Time
elapsed time: 3 seconds (0d 0h 0m 3s)

