#
# There is insufficient memory for the Java Runtime Environment to continue.
# Native memory allocation (malloc) failed to allocate 262160 bytes for Chunk::new
# Possible reasons:
#   The system is out of physical RAM or swap space
#   The process is running with CompressedOops enabled, and the Java Heap may be blocking the growth of the native heap
# Possible solutions:
#   Reduce memory load on the system
#   Increase physical memory or swap space
#   Check if swap backing store is full
#   Decrease Java heap size (-Xmx/-Xms)
#   Decrease number of Java threads
#   Decrease Java thread stack sizes (-Xss)
#   Set larger code cache with -XX:ReservedCodeCacheSize=
#   JVM is running with Unscaled Compressed Oops mode in which the Java heap is
#     placed in the first 4GB address space. The Java Heap base address is the
#     maximum limit for the native heap growth. Please use -XX:HeapBaseMinAddress
#     to set the Java Heap base and to place the Java Heap above 4GB virtual address.
# This output file may be truncated or incomplete.
#
#  Out of Memory Error (allocation.cpp:389), pid=11356, tid=0x00000000000026c4
#
# JRE version: OpenJDK Runtime Environment (8.0_212-b04) (build 1.8.0_212-release-1586-b04)
# Java VM: OpenJDK 64-Bit Server VM (25.212-b04 mixed mode windows-amd64 compressed oops)
# Failed to write core dump. Minidumps are not enabled by default on client versions of Windows
#

---------------  T H R E A D  ---------------

Current thread (0x0000000018e08000):  JavaThread "C2 CompilerThread0" daemon [_thread_in_native, id=9924, stack(0x00000000196e0000,0x00000000197e0000)]

Stack: [0x00000000196e0000,0x00000000197e0000]
[error occurred during error reporting (printing stack bounds), id 0xc0000005]

Native frames: (J=compiled Java code, j=interpreted, Vv=VM code, C=native code)


Current CompileTask:
C2:  21172 8449   !   4       java.io.ObjectOutputStream::writeObject0 (619 bytes)


---------------  P R O C E S S  ---------------

Java Threads: ( => current thread )
  0x000000001b025800 JavaThread "stdout" [_thread_in_native, id=8344, stack(0x0000000027740000,0x0000000027840000)]
  0x000000001b029000 JavaThread "stderr" [_thread_in_native, id=15716, stack(0x0000000027640000,0x0000000027740000)]
  0x000000001b02a000 JavaThread "stdout" [_thread_in_native, id=6024, stack(0x0000000027540000,0x0000000027640000)]
  0x000000001b022800 JavaThread "stderr" [_thread_in_native, id=7256, stack(0x0000000027440000,0x0000000027540000)]
  0x000000001b027000 JavaThread "stdout" [_thread_in_native, id=4760, stack(0x0000000027340000,0x0000000027440000)]
  0x000000001e396000 JavaThread "stderr" [_thread_in_native, id=17768, stack(0x0000000027240000,0x0000000027340000)]
  0x000000001e394000 JavaThread "stdout" [_thread_in_native, id=15936, stack(0x0000000027140000,0x0000000027240000)]
  0x000000001e397000 JavaThread "stderr" [_thread_in_native, id=4560, stack(0x0000000027040000,0x0000000027140000)]
  0x000000001e397800 JavaThread "stdout" [_thread_in_native, id=3588, stack(0x0000000026f40000,0x0000000027040000)]
  0x000000001e393000 JavaThread "stderr" [_thread_in_native, id=8624, stack(0x0000000026e40000,0x0000000026f40000)]
  0x000000001e395800 JavaThread "stdout" [_thread_in_native, id=4500, stack(0x0000000026d40000,0x0000000026e40000)]
  0x000000001e394800 JavaThread "stderr" [_thread_in_native, id=13324, stack(0x0000000026c40000,0x0000000026d40000)]
  0x000000001e38b800 JavaThread "stdout" [_thread_in_native, id=2580, stack(0x0000000026b40000,0x0000000026c40000)]
  0x000000001e392800 JavaThread "stderr" [_thread_in_native, id=15884, stack(0x0000000026a40000,0x0000000026b40000)]
  0x000000001e391000 JavaThread "pool-2-thread-1" [_thread_blocked, id=9076, stack(0x0000000026940000,0x0000000026a40000)]
  0x000000001e390000 JavaThread "WorkerExecutor Queue Thread 8" [_thread_blocked, id=22056, stack(0x0000000026840000,0x0000000026940000)]
  0x000000001e38a000 JavaThread "Cache worker for execution history cache (D:\work\Acs-upb-mobile\acs-upb-mobile\TravelGuide\.gradle\5.6.4\executionHistory)" [_thread_blocked, id=15616, stack(0x0000000025c40000,0x0000000025d40000)]
  0x0000000020b14000 JavaThread "Cache worker for file content cache (D:\work\Acs-upb-mobile\acs-upb-mobile\TravelGuide\.gradle\5.6.4\fileContent)" [_thread_blocked, id=14600, stack(0x0000000024f70000,0x0000000025070000)]
  0x0000000020b13000 JavaThread "Cache worker for file content cache (D:\work\Android\caches\5.6.4\fileContent)" [_thread_blocked, id=22068, stack(0x0000000024bb0000,0x0000000024cb0000)]
  0x0000000020b0e000 JavaThread "Memory manager" [_thread_blocked, id=16376, stack(0x0000000024800000,0x0000000024900000)]
  0x0000000020b06800 JavaThread "Cache worker for Build Output Cleanup Cache (D:\work\Acs-upb-mobile\acs-upb-mobile\TravelGuide\.gradle\buildOutputCleanup)" [_thread_blocked, id=6280, stack(0x0000000024100000,0x0000000024200000)]
  0x0000000020b0c800 JavaThread "Build operations Thread 8" [_thread_blocked, id=21160, stack(0x0000000023a00000,0x0000000023b00000)]
  0x0000000020b0d000 JavaThread "Build operations Thread 7" [_thread_blocked, id=21048, stack(0x0000000023900000,0x0000000023a00000)]
  0x0000000020b08800 JavaThread "Build operations Thread 6" [_thread_blocked, id=21808, stack(0x0000000023800000,0x0000000023900000)]
  0x0000000020b0a000 JavaThread "Build operations Thread 5" [_thread_blocked, id=15320, stack(0x0000000023700000,0x0000000023800000)]
  0x0000000020b08000 JavaThread "Build operations Thread 4" [_thread_blocked, id=5340, stack(0x0000000023600000,0x0000000023700000)]
  0x0000000020b09800 JavaThread "Build operations Thread 3" [_thread_blocked, id=21668, stack(0x0000000023500000,0x0000000023600000)]
  0x0000000020b07000 JavaThread "Build operations Thread 2" [_thread_blocked, id=14900, stack(0x0000000023400000,0x0000000023500000)]
  0x0000000020b0b000 JavaThread "Build operations" [_thread_blocked, id=12960, stack(0x0000000023300000,0x0000000023400000)]
  0x000000001a06f000 JavaThread "Cache worker for execution history cache (D:\work\Android\caches\5.6.4\executionHistory)" [_thread_blocked, id=3340, stack(0x0000000022cb0000,0x0000000022db0000)]
  0x000000001a06d800 JavaThread "Cache worker for cache directory md-rule (D:\work\Android\caches\5.6.4\md-rule)" [_thread_blocked, id=16544, stack(0x0000000022aa0000,0x0000000022ba0000)]
  0x000000001a074000 JavaThread "Cache worker for cache directory md-supplier (D:\work\Android\caches\5.6.4\md-supplier)" [_thread_blocked, id=10940, stack(0x00000000229a0000,0x0000000022aa0000)]
  0x000000001a073800 JavaThread "Cache worker for file hash cache (D:\work\Acs-upb-mobile\acs-upb-mobile\TravelGuide\.gradle\5.6.4\fileHashes)" [_thread_blocked, id=12940, stack(0x000000001fea0000,0x000000001ffa0000)]
  0x000000001a071000 JavaThread "Cache worker for journal cache (D:\work\Android\caches\journal-1)" [_thread_blocked, id=22436, stack(0x000000001dc00000,0x000000001dd00000)]
  0x000000001a070800 JavaThread "File lock request listener" [_thread_in_native, id=20112, stack(0x000000001db00000,0x000000001dc00000)]
  0x000000001b8d9800 JavaThread "Cache worker for file hash cache (D:\work\Android\caches\5.6.4\fileHashes)" [_thread_blocked, id=1040, stack(0x000000001da00000,0x000000001db00000)]
  0x000000001b865800 JavaThread "Thread-9" [_thread_blocked, id=3128, stack(0x000000001d700000,0x000000001d800000)]
  0x000000001b865000 JavaThread "Stdin handler" [_thread_blocked, id=13512, stack(0x000000001d600000,0x000000001d700000)]
  0x000000001b860000 JavaThread "Asynchronous log dispatcher for DefaultDaemonConnection: socket connection from /127.0.0.1:59815 to /127.0.0.1:59816" [_thread_blocked, id=22344, stack(0x000000001d400000,0x000000001d500000)]
  0x000000001b850000 JavaThread "Daemon worker" [_thread_in_native, id=14124, stack(0x000000001d300000,0x000000001d400000)]
  0x000000001b873800 JavaThread "Cancel handler" [_thread_blocked, id=3860, stack(0x000000001d200000,0x000000001d300000)]
  0x000000001b830000 JavaThread "Handler for socket connection from /127.0.0.1:59815 to /127.0.0.1:59816" [_thread_in_native, id=17132, stack(0x000000001cf00000,0x000000001d000000)]
  0x000000001b82d800 JavaThread "Daemon" [_thread_blocked, id=19076, stack(0x000000001ce00000,0x000000001cf00000)]
  0x000000001b7dd000 JavaThread "Daemon periodic checks" [_thread_blocked, id=17308, stack(0x000000001cd00000,0x000000001ce00000)]
  0x0000000019f03800 JavaThread "Incoming local TCP Connector on port 59815" [_thread_in_native, id=16596, stack(0x000000001cac0000,0x000000001cbc0000)]
  0x000000001b486800 JavaThread "Daemon health stats" [_thread_blocked, id=22156, stack(0x000000001c480000,0x000000001c580000)]
  0x0000000018e36800 JavaThread "Service Thread" daemon [_thread_blocked, id=18960, stack(0x0000000019ae0000,0x0000000019be0000)]
  0x0000000018e16000 JavaThread "C1 CompilerThread3" daemon [_thread_blocked, id=15056, stack(0x00000000199e0000,0x0000000019ae0000)]
  0x0000000018e11000 JavaThread "C2 CompilerThread2" daemon [_thread_blocked, id=11012, stack(0x00000000198e0000,0x00000000199e0000)]
  0x0000000018e10000 JavaThread "C2 CompilerThread1" daemon [_thread_blocked, id=18196, stack(0x00000000197e0000,0x00000000198e0000)]
=>0x0000000018e08000 JavaThread "C2 CompilerThread0" daemon [_thread_in_native, id=9924, stack(0x00000000196e0000,0x00000000197e0000)]
  0x0000000018e07000 JavaThread "Attach Listener" daemon [_thread_blocked, id=6840, stack(0x00000000195e0000,0x00000000196e0000)]
  0x0000000018e06000 JavaThread "Signal Dispatcher" daemon [_thread_blocked, id=1316, stack(0x00000000194e0000,0x00000000195e0000)]
  0x0000000018e01000 JavaThread "Finalizer" daemon [_thread_blocked, id=22124, stack(0x00000000192e0000,0x00000000193e0000)]
  0x0000000018e00800 JavaThread "Reference Handler" daemon [_thread_blocked, id=12816, stack(0x00000000191e0000,0x00000000192e0000)]
  0x0000000002f3d800 JavaThread "main" [_thread_blocked, id=4140, stack(0x0000000003040000,0x0000000003140000)]

Other Threads:
  0x0000000016ff8800 VMThread [stack: 0x0000000018ce0000,0x0000000018de0000] [id=10400]
  0x0000000018e37000 WatcherThread [stack: 0x0000000019be0000,0x0000000019ce0000] [id=20352]

VM state:not at safepoint (normal execution)

VM Mutex/Monitor currently owned by a thread: None

OutOfMemory and StackOverflow Exception counts:
OutOfMemoryError java_heap_errors=1

heap address: 0x00000000a0000000, size: 1536 MB, Compressed Oops mode: 32-bit
Narrow klass base: 0x0000000000000000, Narrow klass shift: 3
Compressed class space size: 1073741824 Address: 0x0000000100000000

Heap:
 PSYoungGen      total 222720K, used 34304K [0x00000000e0000000, 0x00000000f1500000, 0x0000000100000000)
  eden space 201216K, 9% used [0x00000000e0000000,0x00000000e1222798,0x00000000ec480000)
  from space 21504K, 73% used [0x00000000ec480000,0x00000000ed3dd878,0x00000000ed980000)
  to   space 22528K, 0% used [0x00000000eff00000,0x00000000eff00000,0x00000000f1500000)
 ParOldGen       total 140800K, used 34346K [0x00000000a0000000, 0x00000000a8980000, 0x00000000e0000000)
  object space 140800K, 24% used [0x00000000a0000000,0x00000000a218a820,0x00000000a8980000)
 Metaspace       used 64355K, capacity 66786K, committed 66904K, reserved 1107968K
  class space    used 8783K, capacity 9300K, committed 9304K, reserved 1048576K

Card table byte_map: [0x0000000012600000,0x0000000012910000] byte_map_base: 0x0000000012100000

Marking Bits: (ParMarkBitMap*) 0x0000000051f09f30
 Begin Bits: [0x0000000013310000, 0x0000000014b10000)
 End Bits:   [0x0000000014b10000, 0x0000000016310000)

Polling page: 0x0000000002ef0000

CodeCache: size=245760Kb used=23117Kb max_used=23695Kb free=222642Kb
 bounds [0x0000000003240000, 0x0000000004980000, 0x0000000012240000]
 total_blobs=8098 nmethods=7284 adapters=727
 compilation: enabled

Compilation events (10 events):
Event: 21.154 Thread 0x0000000018e16000 nmethod 8445 0x00000000046ba290 code [0x00000000046ba400, 0x00000000046ba628]
Event: 21.154 Thread 0x0000000018e16000 8446   !   3       java.io.PrintWriter::println (34 bytes)
Event: 21.155 Thread 0x0000000018e16000 nmethod 8446 0x0000000003e866d0 code [0x0000000003e868a0, 0x0000000003e871e8]
Event: 21.155 Thread 0x0000000018e16000 8447       3       java.io.PrintWriter::print (13 bytes)
Event: 21.156 Thread 0x0000000018e16000 nmethod 8447 0x0000000003e85f90 code [0x0000000003e86100, 0x0000000003e86528]
Event: 21.156 Thread 0x0000000018e16000 8451       3       java.util.concurrent.SynchronousQueue$TransferStack::shouldSpin (30 bytes)
Event: 21.156 Thread 0x0000000018e16000 nmethod 8451 0x00000000046b9d10 code [0x00000000046b9e80, 0x00000000046ba170]
Event: 21.157 Thread 0x0000000018e10000 8452 %     4       java.io.ObjectOutputStream$BlockDataOutputStream::writeBytes @ 95 (144 bytes)
Event: 21.162 Thread 0x0000000018e11000 nmethod 8441 0x000000000430b5d0 code [0x000000000430b760, 0x000000000430c088]
Event: 21.164 Thread 0x0000000018e10000 nmethod 8452% 0x000000000430aad0 code [0x000000000430ac40, 0x000000000430b168]

GC Heap History (10 events):
Event: 3.289 GC heap before
{Heap before GC invocations=10 (full 2):
 PSYoungGen      total 176640K, used 8417K [0x00000000e0000000, 0x00000000ee600000, 0x0000000100000000)
  eden space 162304K, 0% used [0x00000000e0000000,0x00000000e0000000,0x00000000e9e80000)
  from space 14336K, 58% used [0x00000000eac00000,0x00000000eb4386e8,0x00000000eba00000)
  to   space 13824K, 0% used [0x00000000e9e80000,0x00000000e9e80000,0x00000000eac00000)
 ParOldGen       total 65536K, used 12130K [0x00000000a0000000, 0x00000000a4000000, 0x00000000e0000000)
  object space 65536K, 18% used [0x00000000a0000000,0x00000000a0bd8ba8,0x00000000a4000000)
 Metaspace       used 34556K, capacity 35386K, committed 35456K, reserved 1079296K
  class space    used 4752K, capacity 4974K, committed 4992K, reserved 1048576K
Event: 3.337 GC heap after
Heap after GC invocations=10 (full 2):
 PSYoungGen      total 176640K, used 0K [0x00000000e0000000, 0x00000000ee600000, 0x0000000100000000)
  eden space 162304K, 0% used [0x00000000e0000000,0x00000000e0000000,0x00000000e9e80000)
  from space 14336K, 0% used [0x00000000eac00000,0x00000000eac00000,0x00000000eba00000)
  to   space 13824K, 0% used [0x00000000e9e80000,0x00000000e9e80000,0x00000000eac00000)
 ParOldGen       total 92672K, used 15365K [0x00000000a0000000, 0x00000000a5a80000, 0x00000000e0000000)
  object space 92672K, 16% used [0x00000000a0000000,0x00000000a0f01608,0x00000000a5a80000)
 Metaspace       used 34525K, capacity 35284K, committed 35456K, reserved 1079296K
  class space    used 4743K, capacity 4957K, committed 4992K, reserved 1048576K
}
Event: 5.842 GC heap before
{Heap before GC invocations=11 (full 2):
 PSYoungGen      total 176640K, used 162304K [0x00000000e0000000, 0x00000000ee600000, 0x0000000100000000)
  eden space 162304K, 100% used [0x00000000e0000000,0x00000000e9e80000,0x00000000e9e80000)
  from space 14336K, 0% used [0x00000000eac00000,0x00000000eac00000,0x00000000eba00000)
  to   space 13824K, 0% used [0x00000000e9e80000,0x00000000e9e80000,0x00000000eac00000)
 ParOldGen       total 92672K, used 15365K [0x00000000a0000000, 0x00000000a5a80000, 0x00000000e0000000)
  object space 92672K, 16% used [0x00000000a0000000,0x00000000a0f01608,0x00000000a5a80000)
 Metaspace       used 50642K, capacity 52170K, committed 52352K, reserved 1093632K
  class space    used 6883K, capacity 7258K, committed 7296K, reserved 1048576K
Event: 5.860 GC heap after
Heap after GC invocations=11 (full 2):
 PSYoungGen      total 176128K, used 13794K [0x00000000e0000000, 0x00000000eec00000, 0x0000000100000000)
  eden space 162304K, 0% used [0x00000000e0000000,0x00000000e0000000,0x00000000e9e80000)
  from space 13824K, 99% used [0x00000000e9e80000,0x00000000eabf8a60,0x00000000eac00000)
  to   space 18432K, 0% used [0x00000000eda00000,0x00000000eda00000,0x00000000eec00000)
 ParOldGen       total 92672K, used 22468K [0x00000000a0000000, 0x00000000a5a80000, 0x00000000e0000000)
  object space 92672K, 24% used [0x00000000a0000000,0x00000000a15f1148,0x00000000a5a80000)
 Metaspace       used 50642K, capacity 52170K, committed 52352K, reserved 1093632K
  class space    used 6883K, capacity 7258K, committed 7296K, reserved 1048576K
}
Event: 7.965 GC heap before
{Heap before GC invocations=12 (full 2):
 PSYoungGen      total 176128K, used 112774K [0x00000000e0000000, 0x00000000eec00000, 0x0000000100000000)
  eden space 162304K, 60% used [0x00000000e0000000,0x00000000e60a8f38,0x00000000e9e80000)
  from space 13824K, 99% used [0x00000000e9e80000,0x00000000eabf8a60,0x00000000eac00000)
  to   space 18432K, 0% used [0x00000000eda00000,0x00000000eda00000,0x00000000eec00000)
 ParOldGen       total 92672K, used 22468K [0x00000000a0000000, 0x00000000a5a80000, 0x00000000e0000000)
  object space 92672K, 24% used [0x00000000a0000000,0x00000000a15f1148,0x00000000a5a80000)
 Metaspace       used 56950K, capacity 59014K, committed 59096K, reserved 1099776K
  class space    used 7887K, capacity 8376K, committed 8408K, reserved 1048576K
Event: 7.982 GC heap after
Heap after GC invocations=12 (full 2):
 PSYoungGen      total 219648K, used 18422K [0x00000000e0000000, 0x00000000eee80000, 0x0000000100000000)
  eden space 201216K, 0% used [0x00000000e0000000,0x00000000e0000000,0x00000000ec480000)
  from space 18432K, 99% used [0x00000000eda00000,0x00000000eebfd8f8,0x00000000eec00000)
  to   space 21504K, 0% used [0x00000000ec480000,0x00000000ec480000,0x00000000ed980000)
 ParOldGen       total 92672K, used 24380K [0x00000000a0000000, 0x00000000a5a80000, 0x00000000e0000000)
  object space 92672K, 26% used [0x00000000a0000000,0x00000000a17cf1b8,0x00000000a5a80000)
 Metaspace       used 56950K, capacity 59014K, committed 59096K, reserved 1099776K
  class space    used 7887K, capacity 8376K, committed 8408K, reserved 1048576K
}
Event: 7.982 GC heap before
{Heap before GC invocations=13 (full 3):
 PSYoungGen      total 219648K, used 18422K [0x00000000e0000000, 0x00000000eee80000, 0x0000000100000000)
  eden space 201216K, 0% used [0x00000000e0000000,0x00000000e0000000,0x00000000ec480000)
  from space 18432K, 99% used [0x00000000eda00000,0x00000000eebfd8f8,0x00000000eec00000)
  to   space 21504K, 0% used [0x00000000ec480000,0x00000000ec480000,0x00000000ed980000)
 ParOldGen       total 92672K, used 24380K [0x00000000a0000000, 0x00000000a5a80000, 0x00000000e0000000)
  object space 92672K, 26% used [0x00000000a0000000,0x00000000a17cf1b8,0x00000000a5a80000)
 Metaspace       used 56950K, capacity 59014K, committed 59096K, reserved 1099776K
  class space    used 7887K, capacity 8376K, committed 8408K, reserved 1048576K
Event: 8.149 GC heap after
Heap after GC invocations=13 (full 3):
 PSYoungGen      total 219648K, used 0K [0x00000000e0000000, 0x00000000eee80000, 0x0000000100000000)
  eden space 201216K, 0% used [0x00000000e0000000,0x00000000e0000000,0x00000000ec480000)
  from space 18432K, 0% used [0x00000000eda00000,0x00000000eda00000,0x00000000eec00000)
  to   space 21504K, 0% used [0x00000000ec480000,0x00000000ec480000,0x00000000ed980000)
 ParOldGen       total 140800K, used 34338K [0x00000000a0000000, 0x00000000a8980000, 0x00000000e0000000)
  object space 140800K, 24% used [0x00000000a0000000,0x00000000a2188820,0x00000000a8980000)
 Metaspace       used 56816K, capacity 58648K, committed 59096K, reserved 1099776K
  class space    used 7845K, capacity 8301K, committed 8408K, reserved 1048576K
}
Event: 20.890 GC heap before
{Heap before GC invocations=14 (full 3):
 PSYoungGen      total 219648K, used 201216K [0x00000000e0000000, 0x00000000eee80000, 0x0000000100000000)
  eden space 201216K, 100% used [0x00000000e0000000,0x00000000ec480000,0x00000000ec480000)
  from space 18432K, 0% used [0x00000000eda00000,0x00000000eda00000,0x00000000eec00000)
  to   space 21504K, 0% used [0x00000000ec480000,0x00000000ec480000,0x00000000ed980000)
 ParOldGen       total 140800K, used 34338K [0x00000000a0000000, 0x00000000a8980000, 0x00000000e0000000)
  object space 140800K, 24% used [0x00000000a0000000,0x00000000a2188820,0x00000000a8980000)
 Metaspace       used 63838K, capacity 66160K, committed 66392K, reserved 1105920K
  class space    used 8738K, capacity 9265K, committed 9304K, reserved 1048576K
Event: 20.903 GC heap after
Heap after GC invocations=14 (full 3):
 PSYoungGen      total 222720K, used 15734K [0x00000000e0000000, 0x00000000f1500000, 0x0000000100000000)
  eden space 201216K, 0% used [0x00000000e0000000,0x00000000e0000000,0x00000000ec480000)
  from space 21504K, 73% used [0x00000000ec480000,0x00000000ed3dd878,0x00000000ed980000)
  to   space 22528K, 0% used [0x00000000eff00000,0x00000000eff00000,0x00000000f1500000)
 ParOldGen       total 140800K, used 34346K [0x00000000a0000000, 0x00000000a8980000, 0x00000000e0000000)
  object space 140800K, 24% used [0x00000000a0000000,0x00000000a218a820,0x00000000a8980000)
 Metaspace       used 63838K, capacity 66160K, committed 66392K, reserved 1105920K
  class space    used 8738K, capacity 9265K, committed 9304K, reserved 1048576K
}

Deoptimization events (10 events):
Event: 21.081 Thread 0x000000001e390000 Uncommon trap: reason=bimorphic action=maybe_recompile pc=0x0000000003353fd0 method=com.android.ide.common.symbols.SymbolTable$getSymbolByResourceType$$inlined$compareBy$1.compare(Ljava/lang/Object;Ljava/lang/Object;)I @ 13
Event: 21.081 Thread 0x000000001e390000 Uncommon trap: reason=bimorphic action=maybe_recompile pc=0x0000000003353fd0 method=com.android.ide.common.symbols.SymbolTable$getSymbolByResourceType$$inlined$compareBy$1.compare(Ljava/lang/Object;Ljava/lang/Object;)I @ 13
Event: 21.081 Thread 0x000000001e390000 Uncommon trap: reason=bimorphic action=maybe_recompile pc=0x0000000003353fd0 method=com.android.ide.common.symbols.SymbolTable$getSymbolByResourceType$$inlined$compareBy$1.compare(Ljava/lang/Object;Ljava/lang/Object;)I @ 13
Event: 21.081 Thread 0x000000001e390000 Uncommon trap: reason=bimorphic action=maybe_recompile pc=0x0000000003353fd0 method=com.android.ide.common.symbols.SymbolTable$getSymbolByResourceType$$inlined$compareBy$1.compare(Ljava/lang/Object;Ljava/lang/Object;)I @ 13
Event: 21.115 Thread 0x000000001e390000 Uncommon trap: reason=unstable_if action=reinterpret pc=0x00000000046d4608 method=org.objectweb.asm.ByteVector.putShort(I)Lorg/objectweb/asm/ByteVector; @ 13
Event: 21.137 Thread 0x0000000020b0e800 Uncommon trap: reason=class_check action=maybe_recompile pc=0x0000000003df3000 method=java.lang.Throwable.<init>(Ljava/lang/String;Ljava/lang/Throwable;)V @ 24
Event: 21.151 Thread 0x000000001e38a000 Uncommon trap: reason=predicate action=maybe_recompile pc=0x0000000003871548 method=java.util.Collections.indexedBinarySearch(Ljava/util/List;Ljava/lang/Object;)I @ 16
Event: 21.151 Thread 0x000000001e38a000 Uncommon trap: reason=unstable_if action=reinterpret pc=0x00000000044fa7ec method=org.gradle.internal.io.StreamByteBuffer.prepareRead()I @ 30
Event: 21.154 Thread 0x0000000020b0e800 Uncommon trap: reason=unstable_if action=reinterpret pc=0x00000000047efba4 method=org.gradle.execution.plan.Node.isComplete()Z @ 17
Event: 21.156 Thread 0x000000001b865800 Uncommon trap: reason=predicate action=maybe_recompile pc=0x000000000462d848 method=java.util.TimSort.binarySort([Ljava/lang/Object;IIILjava/util/Comparator;)V @ 37

Classes redefined (0 events):
No events

Internal exceptions (10 events):
Event: 14.973 Thread 0x0000000020b0e800 Exception <a 'java/lang/NoSuchMethodError': <clinit>> (0x00000000ebb04730) thrown at [D:\src\AOSP-openjdk-cygwin\jdk8u\hotspot\src\share\vm\prims\jni.cpp, line 1614]
Event: 14.978 Thread 0x0000000020b0e800 Exception <a 'java/lang/NoSuchMethodError': <clinit>> (0x00000000ebb7afa0) thrown at [D:\src\AOSP-openjdk-cygwin\jdk8u\hotspot\src\share\vm\prims\jni.cpp, line 1614]
Event: 14.980 Thread 0x0000000020b0e800 Exception <a 'java/lang/NoSuchMethodError': <clinit>> (0x00000000ebbd0b00) thrown at [D:\src\AOSP-openjdk-cygwin\jdk8u\hotspot\src\share\vm\prims\jni.cpp, line 1614]
Event: 15.138 Thread 0x000000001e390000 Exception <a 'java/lang/NoSuchMethodError': java.lang.Object.lambda$negate$1(Ljava/lang/Object;)Z> (0x00000000ebd54ff0) thrown at [D:\src\AOSP-openjdk-cygwin\jdk8u\hotspot\src\share\vm\interpreter\linkResolver.cpp, line 620]
Event: 20.983 Thread 0x000000001e390000 Exception <a 'sun/nio/fs/WindowsException'> (0x00000000e02b60c0) thrown at [D:\src\AOSP-openjdk-cygwin\jdk8u\hotspot\src\share\vm\prims\jni.cpp, line 710]
Event: 20.983 Thread 0x000000001e390000 Exception <a 'sun/nio/fs/WindowsException'> (0x00000000e02b6568) thrown at [D:\src\AOSP-openjdk-cygwin\jdk8u\hotspot\src\share\vm\prims\jni.cpp, line 710]
Event: 21.136 Thread 0x000000001e390000 Exception <a 'java/lang/OutOfMemoryError'> (0x00000000e0b24478) thrown at [D:\src\AOSP-openjdk-cygwin\jdk8u\hotspot\src\share\vm\prims\jni.cpp, line 736]
Event: 21.138 Thread 0x0000000020b0e800 Exception <a 'java/lang/reflect/InvocationTargetException'> (0x00000000e0b97e90) thrown at [D:\src\AOSP-openjdk-cygwin\jdk8u\hotspot\src\share\vm\runtime\reflection.cpp, line 1092]
Event: 21.154 Thread 0x000000001b865800 Exception <a 'java/lang/NoSuchMethodError': <clinit>> (0x00000000e004f710) thrown at [D:\src\AOSP-openjdk-cygwin\jdk8u\hotspot\src\share\vm\prims\jni.cpp, line 1614]
Event: 21.156 Thread 0x000000001b865800 Exception <a 'java/lang/NoSuchMethodError': <clinit>> (0x00000000e0060100) thrown at [D:\src\AOSP-openjdk-cygwin\jdk8u\hotspot\src\share\vm\prims\jni.cpp, line 1614]

Events (10 events):
Event: 21.156 loading class org/gradle/execution/taskgraph/DefaultTaskExecutionGraph$2 done
Event: 21.156 loading class com/google/common/cache/LocalCache$Values
Event: 21.156 loading class com/google/common/cache/LocalCache$Values done
Event: 21.156 Thread 0x000000001b865800 Uncommon trap: trap_request=0xffffff86 fr.pc=0x000000000462d848
Event: 21.156 Thread 0x000000001b865800 DEOPT PACKING pc=0x000000000462d848 sp=0x000000001d7fd010
Event: 21.156 Thread 0x000000001b865800 DEOPT UNPACKING pc=0x000000000328557b sp=0x000000001d7fcfc8 mode 2
Event: 21.156 loading class com/google/common/cache/LocalCache$ValueIterator
Event: 21.156 loading class com/google/common/cache/LocalCache$ValueIterator done
Event: 21.157 loading class com/google/common/cache/LocalCache$HashIterator
Event: 21.157 loading class com/google/common/cache/LocalCache$HashIterator done


Dynamic libraries:
0x00007ff744610000 - 0x00007ff744641000 	D:\Android Studi\jre\bin\java.exe
0x00007fffb5960000 - 0x00007fffb5b4d000 	C:\Windows\SYSTEM32\ntdll.dll
0x00007fffb3180000 - 0x00007fffb3233000 	C:\Windows\System32\KERNEL32.DLL
0x00007fffb2730000 - 0x00007fffb29c5000 	C:\Windows\System32\KERNELBASE.dll
0x00007fffb30d0000 - 0x00007fffb3173000 	C:\Windows\System32\ADVAPI32.dll
0x00007fffb37f0000 - 0x00007fffb388e000 	C:\Windows\System32\msvcrt.dll
0x00007fffb2d10000 - 0x00007fffb2dae000 	C:\Windows\System32\sechost.dll
0x00007fffb5220000 - 0x00007fffb5342000 	C:\Windows\System32\RPCRT4.dll
0x00007fffb5080000 - 0x00007fffb5217000 	C:\Windows\System32\USER32.dll
0x00007fffb1a20000 - 0x00007fffb1a40000 	C:\Windows\System32\win32u.dll
0x00007fffb3890000 - 0x00007fffb38b9000 	C:\Windows\System32\GDI32.dll
0x00007fffb1b90000 - 0x00007fffb1d2a000 	C:\Windows\System32\gdi32full.dll
0x00007fffb29d0000 - 0x00007fffb2a70000 	C:\Windows\System32\msvcp_win.dll
0x00007fffb1a90000 - 0x00007fffb1b8a000 	C:\Windows\System32\ucrtbase.dll
0x00007fffa2bc0000 - 0x00007fffa2e39000 	C:\Windows\WinSxS\amd64_microsoft.windows.common-controls_6595b64144ccf1df_6.0.17763.1282_none_de75b6f253473c0f\COMCTL32.dll
0x00007fffb5580000 - 0x00007fffb58ac000 	C:\Windows\System32\combase.dll
0x00007fffb2680000 - 0x00007fffb26fe000 	C:\Windows\System32\bcryptPrimitives.dll
0x00007fffb3a80000 - 0x00007fffb3aae000 	C:\Windows\System32\IMM32.DLL
0x0000000051580000 - 0x0000000051652000 	D:\Android Studi\jre\jre\bin\msvcr100.dll
0x0000000051740000 - 0x0000000051f86000 	D:\Android Studi\jre\jre\bin\server\jvm.dll
0x00007fffb2d00000 - 0x00007fffb2d08000 	C:\Windows\System32\PSAPI.DLL
0x00007fffad8b0000 - 0x00007fffad8d4000 	C:\Windows\SYSTEM32\WINMM.dll
0x00007fff773a0000 - 0x00007fff773a9000 	C:\Windows\SYSTEM32\WSOCK32.dll
0x00007fffaa550000 - 0x00007fffaa55a000 	C:\Windows\SYSTEM32\VERSION.dll
0x00007fffb3780000 - 0x00007fffb37ed000 	C:\Windows\System32\WS2_32.dll
0x00007fffad870000 - 0x00007fffad89d000 	C:\Windows\SYSTEM32\winmmbase.dll
0x00007fffb1a40000 - 0x00007fffb1a8a000 	C:\Windows\System32\cfgmgr32.dll
0x00007fffaa140000 - 0x00007fffaa14f000 	D:\Android Studi\jre\jre\bin\verify.dll
0x00007fff8a3b0000 - 0x00007fff8a3d9000 	D:\Android Studi\jre\jre\bin\java.dll
0x00007fff9fe00000 - 0x00007fff9fe16000 	D:\Android Studi\jre\jre\bin\zip.dll
0x00007fffb3b80000 - 0x00007fffb5078000 	C:\Windows\System32\SHELL32.dll
0x00007fffb2db0000 - 0x00007fffb2e58000 	C:\Windows\System32\shcore.dll
0x00007fffb1f30000 - 0x00007fffb267f000 	C:\Windows\System32\windows.storage.dll
0x00007fffb1990000 - 0x00007fffb19b4000 	C:\Windows\System32\profapi.dll
0x00007fffb19c0000 - 0x00007fffb1a1d000 	C:\Windows\System32\powrprof.dll
0x00007fffb3720000 - 0x00007fffb3772000 	C:\Windows\System32\shlwapi.dll
0x00007fffb1950000 - 0x00007fffb1961000 	C:\Windows\System32\kernel.appcore.dll
0x00007fffb1d30000 - 0x00007fffb1d47000 	C:\Windows\System32\cryptsp.dll
0x00007fff931f0000 - 0x00007fff9320a000 	D:\Android Studi\jre\jre\bin\net.dll
0x00007fffa32f0000 - 0x00007fffa34c7000 	C:\Windows\SYSTEM32\urlmon.dll
0x00007fffa1940000 - 0x00007fffa1be8000 	C:\Windows\SYSTEM32\iertutil.dll
0x00007fffb1380000 - 0x00007fffb138c000 	C:\Windows\SYSTEM32\CRYPTBASE.DLL
0x00007fffb11b0000 - 0x00007fffb1217000 	C:\Windows\system32\mswsock.dll
0x00007fff92d90000 - 0x00007fff92da3000 	D:\Android Studi\jre\jre\bin\nio.dll
0x00007fff92e00000 - 0x00007fff92e26000 	D:\work\Android\native\30\windows-amd64\native-platform.dll
0x00007fffa9f20000 - 0x00007fffa9f2d000 	D:\Android Studi\jre\jre\bin\management.dll
0x00007fffb0d30000 - 0x00007fffb0d63000 	C:\Windows\system32\rsaenh.dll
0x00007fffb2700000 - 0x00007fffb2726000 	C:\Windows\System32\bcrypt.dll
0x00007fffb1880000 - 0x00007fffb18a8000 	C:\Windows\SYSTEM32\USERENV.dll
0x00007fffb0ed0000 - 0x00007fffb0f0d000 	C:\Windows\SYSTEM32\IPHLPAPI.DLL
0x00007fffb2cf0000 - 0x00007fffb2cf8000 	C:\Windows\System32\NSI.dll
0x00007fffa7af0000 - 0x00007fffa7b06000 	C:\Windows\SYSTEM32\dhcpcsvc6.DLL
0x00007fffa6fa0000 - 0x00007fffa6fbc000 	C:\Windows\SYSTEM32\dhcpcsvc.DLL
0x00007fffb0f10000 - 0x00007fffb0fd7000 	C:\Windows\SYSTEM32\DNSAPI.dll

VM Arguments:
jvm_args: -Xmx1536m -Dfile.encoding=windows-1252 -Duser.country=US -Duser.language=en -Duser.variant 
java_command: org.gradle.launcher.daemon.bootstrap.GradleDaemon 5.6.4
java_class_path (initial): D:\work\Android\wrapper\dists\gradle-5.6.4-all\ankdp27end7byghfw1q2sw75f\gradle-5.6.4\lib\gradle-launcher-5.6.4.jar
Launcher Type: SUN_STANDARD

Environment Variables:
PATH=C:\Program Files (x86)\Common Files\Oracle\Java\javapath;C:\Program Files (x86)\Common Files\Intel\Shared Libraries\redist\intel64_win\compiler;C:\Program Files (x86)\Common Files\Intel\Shared Libraries\redist\intel64\compiler;C:\Windows\system32;C:\Windows;C:\Windows\System32\Wbem;C:\Windows\System32\WindowsPowerShell\v1.0\;C:\Windows\System32\OpenSSH\;C:\Program Files (x86)\NVIDIA Corporation\PhysX\Common;C:\Program Files\NVIDIA Corporation\NVIDIA NvDLISR;C:\Program Files\dotnet\;C:\Program Files\Microsoft SQL Server\Client SDK\ODBC\170\Tools\Binn\;C:\Program Files\Java\jdk1.8.0_231\bin\;C:\Program Files\Git\cmd;C:\Program Files (x86)\IVI Foundation\VISA\WinNT\Bin\;C:\Program Files\IVI Foundation\VISA\Win64\Bin\;C:\Program Files (x86)\IVI Foundation\VISA\WinNT\Bin;C:\Program Files\Microsoft SQL Server\130\Tools\Binn\;C:\Users\Adrian\AppData\Local\Microsoft\WindowsApps;C:\Users\Adrian\AppData\Local\Programs\Microsoft VS Code\bin;C:\Users\Adrian\.dotnet\tools;C:\Users\Adrian\AppData\Local\GitHubDesktop\bin;C:\src\flutter\bin;
USERNAME=Adrian
OS=Windows_NT
PROCESSOR_IDENTIFIER=Intel64 Family 6 Model 158 Stepping 10, GenuineIntel



---------------  S Y S T E M  ---------------

OS: Windows 10.0 , 64 bit Build 17763 (10.0.17763.1158)

CPU:total 8 (initial active 8) (4 cores per cpu, 2 threads per core) family 6 model 158 stepping 10, cmov, cx8, fxsr, mmx, sse, sse2, sse3, ssse3, sse4.1, sse4.2, popcnt, avx, avx2, aes, clmul, erms, 3dnowpref, lzcnt, ht, tsc, tscinvbit, bmi1, bmi2, adx

Memory: 4k page, physical 8240576k(442344k free), swap 14009136k(5520k free)

vm_info: OpenJDK 64-Bit Server VM (25.212-b04) for windows-amd64 JRE (1.8.0_212-release-1586-b04), built by "builder" with MS VC++ 10.0 (VS2010)

time: Thu Jul 16 12:20:06 2020
timezone: GTB Daylight Time
elapsed time: 21 seconds (0d 0h 0m 21s)

